ðŸš€ Starting Java Backend Server with OpenTelemetry...
ðŸ“‹ Loading environment variables from .env file...
./run-with-otel.sh: line 9: export: `#': not a valid identifier
./run-with-otel.sh: line 9: export: `/': not a valid identifier
ðŸ“¡ Using DYNATRACE OTLP endpoint: https://xtc47953.live.dynatrace.com/api/v2/otlp
ðŸ”§ Configuration:
  Port: 3002
  Environment: development
  Database: ./database.sqlite
  Frontend URL: http://localhost:3000
  OTLP Endpoint: https://xtc47953.live.dynatrace.com/api/v2/otlp

âœ… Starting with OpenTelemetry instrumentation...

[INFO] Scanning for projects...
[INFO] 
[INFO] ----------------------< com.shopper:java-backend >----------------------
[INFO] Building Java Backend 1.0.0
[INFO]   from pom.xml
[INFO] --------------------------------[ jar ]---------------------------------
[INFO] 
[INFO] >>> spring-boot:3.2.0:run (default-cli) > test-compile @ java-backend >>>
[INFO] 
[INFO] --- resources:3.3.1:resources (default-resources) @ java-backend ---
[INFO] Copying 4 resources from src/main/resources to target/classes
[INFO] Copying 1 resource from src/main/resources to target/classes
[INFO] 
[INFO] --- compiler:3.11.0:compile (default-compile) @ java-backend ---
[INFO] Nothing to compile - all classes are up to date
[INFO] 
[INFO] --- resources:3.3.1:testResources (default-testResources) @ java-backend ---
[INFO] Copying 1 resource from src/test/resources to target/test-classes
[INFO] 
[INFO] --- compiler:3.11.0:testCompile (default-testCompile) @ java-backend ---
[INFO] Nothing to compile - all classes are up to date
[INFO] 
[INFO] <<< spring-boot:3.2.0:run (default-cli) < test-compile @ java-backend <<<
[INFO] 
[INFO] 
[INFO] --- spring-boot:3.2.0:run (default-cli) @ java-backend ---
[INFO] Attaching agents: []
OpenJDK 64-Bit Server VM warning: Sharing is only supported for boot loader classes because bootstrap classpath has been appended
[otel.javaagent 2025-08-11 17:43:46:460 -0400] [main] INFO io.opentelemetry.javaagent.tooling.VersionLogger - opentelemetry-javaagent - version: 2.17.1

  .   ____          _            __ _ _
 /\\ / ___'_ __ _ _(_)_ __  __ _ \ \ \ \
( ( )\___ | '_ | '_| | '_ \/ _` | \ \ \ \
 \\/  ___)| |_)| | | | | || (_| |  ) ) ) )
  '  |____| .__|_| |_|_| |_\__, | / / / /
 =========|_|==============|___/=/_/_/_/
 :: Spring Boot ::                (v3.2.0)

2025-08-11T17:43:56.270-04:00  INFO 9417 --- [java-backend] [           main] [                                                 ] com.shopper.JavaBackendApplication       : Starting JavaBackendApplication using Java 18.0.2 with PID 9417 (/Users/suthar/dev/shopper/backend/java-backend/target/classes started by suthar in /Users/suthar/dev/shopper/backend/java-backend)
2025-08-11T17:43:56.284-04:00 DEBUG 9417 --- [java-backend] [           main] [                                                 ] com.shopper.JavaBackendApplication       : Running with Spring Boot v3.2.0, Spring v6.1.1
2025-08-11T17:43:56.285-04:00  INFO 9417 --- [java-backend] [           main] [                                                 ] com.shopper.JavaBackendApplication       : The following 1 profile is active: "development"
2025-08-11T17:43:57.683-04:00  INFO 9417 --- [java-backend] [           main] [                                                 ] .s.d.r.c.RepositoryConfigurationDelegate : Bootstrapping Spring Data JPA repositories in DEFAULT mode.
2025-08-11T17:43:57.742-04:00  INFO 9417 --- [java-backend] [           main] [                                                 ] .s.d.r.c.RepositoryConfigurationDelegate : Finished Spring Data repository scanning in 47 ms. Found 3 JPA repository interfaces.
2025-08-11T17:43:57.745-04:00  INFO 9417 --- [java-backend] [           main] [                                                 ] .s.d.r.c.RepositoryConfigurationDelegate : Bootstrapping Spring Data JPA repositories in DEFAULT mode.
2025-08-11T17:43:57.759-04:00  INFO 9417 --- [java-backend] [           main] [                                                 ] .s.d.r.c.RepositoryConfigurationDelegate : Finished Spring Data repository scanning in 13 ms. Found 2 JPA repository interfaces.
2025-08-11T17:43:59.197-04:00  WARN 9417 --- [java-backend] [           main] [                                                 ] trationDelegate$BeanPostProcessorChecker : Bean 'io.opentelemetry.instrumentation.spring.autoconfigure.instrumentation.web.SpringWebInstrumentationAutoConfiguration' of type [io.opentelemetry.instrumentation.spring.autoconfigure.instrumentation.web.SpringWebInstrumentationAutoConfiguration$$SpringCGLIB$$0] is not eligible for getting processed by all BeanPostProcessors (for example: not eligible for auto-proxying). The currently created BeanPostProcessor [otelRestTemplateBeanPostProcessor] is declared through a non-static factory method on that class; consider declaring it as static instead.
2025-08-11T17:43:59.228-04:00  INFO 9417 --- [java-backend] [           main] [                                                 ] com.shopper.config.OpenTelemetryConfig   : ðŸ”— OpenTelemetry configured for Dynatrace endpoint: https://xtc47953.live.dynatrace.com/api/v2/otlp
2025-08-11T17:43:59.230-04:00  INFO 9417 --- [java-backend] [           main] [                                                 ] com.shopper.config.OpenTelemetryConfig   : ðŸ“Š OpenTelemetry Auto-Instrumentation enabled for service: java-backend v1.0.0 (development)
2025-08-11T17:43:59.231-04:00  WARN 9417 --- [java-backend] [           main] [                                                 ] trationDelegate$BeanPostProcessorChecker : Bean 'openTelemetryConfig' of type [com.shopper.config.OpenTelemetryConfig$$SpringCGLIB$$0] is not eligible for getting processed by all BeanPostProcessors (for example: not eligible for auto-proxying). Is this bean getting eagerly injected into a currently created BeanPostProcessor [otelRestTemplateBeanPostProcessor]? Check the corresponding BeanPostProcessor declaration and its dependencies.
2025-08-11T17:43:59.337-04:00  WARN 9417 --- [java-backend] [           main] [                                                 ] trationDelegate$BeanPostProcessorChecker : Bean 'openTelemetry' of type [io.opentelemetry.javaagent.instrumentation.opentelemetryapi.v1_27.ApplicationOpenTelemetry127] is not eligible for getting processed by all BeanPostProcessors (for example: not eligible for auto-proxying). Is this bean getting eagerly injected into a currently created BeanPostProcessor [otelRestTemplateBeanPostProcessor]? Check the corresponding BeanPostProcessor declaration and its dependencies.
2025-08-11T17:44:00.284-04:00  INFO 9417 --- [java-backend] [           main] [                                                 ] o.s.b.w.embedded.tomcat.TomcatWebServer  : Tomcat initialized with port 3002 (http)
2025-08-11T17:44:00.320-04:00  INFO 9417 --- [java-backend] [           main] [                                                 ] o.apache.catalina.core.StandardService   : Starting service [Tomcat]
2025-08-11T17:44:00.321-04:00  INFO 9417 --- [java-backend] [           main] [                                                 ] o.apache.catalina.core.StandardEngine    : Starting Servlet engine: [Apache Tomcat/10.1.16]
2025-08-11T17:44:00.407-04:00  INFO 9417 --- [java-backend] [           main] [                                                 ] o.a.c.c.C.[Tomcat].[localhost].[/api]    : Initializing Spring embedded WebApplicationContext
2025-08-11T17:44:00.411-04:00  INFO 9417 --- [java-backend] [           main] [                                                 ] w.s.c.ServletWebServerApplicationContext : Root WebApplicationContext: initialization completed in 4050 ms
2025-08-11T17:44:01.307-04:00  INFO 9417 --- [java-backend] [           main] [                                                 ] o.hibernate.jpa.internal.util.LogHelper  : HHH000204: Processing PersistenceUnitInfo [name: default]
2025-08-11T17:44:01.377-04:00  INFO 9417 --- [java-backend] [           main] [                                                 ] org.hibernate.Version                    : HHH000412: Hibernate ORM core version 6.3.1.Final
2025-08-11T17:44:01.419-04:00  INFO 9417 --- [java-backend] [           main] [                                                 ] o.h.c.internal.RegionFactoryInitiator    : HHH000026: Second-level cache disabled
2025-08-11T17:44:01.771-04:00  INFO 9417 --- [java-backend] [           main] [                                                 ] o.s.o.j.p.SpringPersistenceUnitInfo      : No LoadTimeWeaver setup: ignoring JPA class transformer
2025-08-11T17:44:01.804-04:00  INFO 9417 --- [java-backend] [           main] [                                                 ] com.zaxxer.hikari.HikariDataSource       : HikariPool-1 - Starting...
2025-08-11T17:44:02.371-04:00  INFO 9417 --- [java-backend] [           main] [                                                 ] com.zaxxer.hikari.pool.HikariPool        : HikariPool-1 - Added connection org.sqlite.jdbc4.JDBC4Connection@1a4fa5df
2025-08-11T17:44:02.383-04:00  INFO 9417 --- [java-backend] [           main] [                                                 ] com.zaxxer.hikari.HikariDataSource       : HikariPool-1 - Start completed.
2025-08-11T17:44:03.559-04:00  INFO 9417 --- [java-backend] [           main] [                                                 ] o.h.e.t.j.p.i.JtaPlatformInitiator       : HHH000489: No JTA platform available (set 'hibernate.transaction.jta.platform' to enable JTA platform integration)
2025-08-11T17:44:03.645-04:00  INFO 9417 --- [java-backend] [           main] [                                                 ] j.LocalContainerEntityManagerFactoryBean : Initialized JPA EntityManagerFactory for persistence unit 'default'
2025-08-11T17:44:04.227-04:00  INFO 9417 --- [java-backend] [           main] [                                                 ] o.s.d.j.r.query.QueryEnhancerFactory     : Hibernate is in classpath; If applicable, HQL parser will be used.
2025-08-11T17:44:11.160-04:00  INFO 9417 --- [java-backend] [           main] [                                                 ] com.shopper.config.OpenFeatureConfig     : âœ… OpenFeature with DevCycle provider initialized successfully
2025-08-11T17:44:11.162-04:00  INFO 9417 --- [java-backend] [           main] [                                                 ] com.shopper.config.OpenFeatureConfig     : ðŸ” DevCycle hook registered for telemetry spans
Variable called before DevCycleLocalClient has initialized, returning default value
2025-08-11T17:44:11.215-04:00  INFO 9417 --- [java-backend] [           main] [                                                 ] com.shopper.config.OpenFeatureConfig     : ðŸŽ›ï¸ DevCycle feature flag 'use-neon' evaluated to: false for admin user
Variable called before DevCycleLocalClient has initialized, returning default value
2025-08-11T17:44:11.216-04:00  INFO 9417 --- [java-backend] [           main] [                                                 ] com.shopper.config.OpenFeatureConfig     : ðŸŽ›ï¸ DevCycle feature flag 'new-flow' evaluated to: false for admin user
2025-08-11T17:44:11.305-04:00  WARN 9417 --- [java-backend] [           main] [                                                 ] o.s.aop.framework.CglibAopProxy          : Unable to proxy interface-implementing method [public final void org.springframework.web.filter.OncePerRequestFilter.doFilter(jakarta.servlet.ServletRequest,jakarta.servlet.ServletResponse,jakarta.servlet.FilterChain) throws jakarta.servlet.ServletException,java.io.IOException] because it is marked as final, consider using interface-based JDK proxies instead.
2025-08-11T17:44:11.306-04:00  WARN 9417 --- [java-backend] [           main] [                                                 ] o.s.aop.framework.CglibAopProxy          : Unable to proxy interface-implementing method [public final void org.springframework.web.filter.GenericFilterBean.init(jakarta.servlet.FilterConfig) throws jakarta.servlet.ServletException] because it is marked as final, consider using interface-based JDK proxies instead.
2025-08-11T17:44:11.727-04:00 DEBUG 9417 --- [java-backend] [           main] [                                                 ] c.s.security.JwtAuthenticationFilter     : Filter 'jwtAuthenticationFilter' configured for use
2025-08-11T17:44:11.730-04:00 DEBUG 9417 --- [java-backend] [           main] [                                                 ] o.s.w.f.ServerHttpObservationFilter      : Filter 'webMvcObservationFilter' configured for use
2025-08-11T17:44:12.593-04:00  WARN 9417 --- [java-backend] [           main] [                                                 ] JpaBaseConfiguration$JpaWebConfiguration : spring.jpa.open-in-view is enabled by default. Therefore, database queries may be performed during view rendering. Explicitly configure spring.jpa.open-in-view to disable this warning
2025-08-11T17:44:13.228-04:00 DEBUG 9417 --- [java-backend] [           main] [                                                 ] s.w.s.m.m.a.RequestMappingHandlerMapping : 49 mappings in 'requestMappingHandlerMapping'
2025-08-11T17:44:13.478-04:00 DEBUG 9417 --- [java-backend] [           main] [                                                 ] o.s.w.s.handler.SimpleUrlHandlerMapping  : Patterns [/webjars/**, /**, /swagger-ui*/*swagger-initializer.js, /swagger-ui*/**] in 'resourceHandlerMapping'
2025-08-11T17:44:13.691-04:00  INFO 9417 --- [java-backend] [           main] [                                                 ] o.s.b.a.e.web.EndpointLinksResolver      : Exposing 3 endpoint(s) beneath base path '/actuator'
2025-08-11T17:44:13.776-04:00  INFO 9417 --- [java-backend] [           main] [                                                 ] o.s.s.web.DefaultSecurityFilterChain     : Will secure any request with [org.springframework.security.web.session.DisableEncodeUrlFilter@2bc1cc26, org.springframework.security.web.context.request.async.WebAsyncManagerIntegrationFilter@ad77547, org.springframework.security.web.context.SecurityContextHolderFilter@2c94326f, org.springframework.security.web.header.HeaderWriterFilter@56211d6b, org.springframework.web.filter.CorsFilter@53b7e674, org.springframework.security.web.authentication.logout.LogoutFilter@7779d208, com.shopper.security.JwtAuthenticationFilter@57ae2f11, org.springframework.security.web.savedrequest.RequestCacheAwareFilter@3e8fb5cb, org.springframework.security.web.servletapi.SecurityContextHolderAwareRequestFilter@4257b876, org.springframework.security.web.authentication.AnonymousAuthenticationFilter@521359ad, org.springframework.security.web.session.SessionManagementFilter@c844d52, org.springframework.security.web.access.ExceptionTranslationFilter@62c25a94, org.springframework.security.web.access.intercept.AuthorizationFilter@20a72653]
2025-08-11T17:44:13.976-04:00 DEBUG 9417 --- [java-backend] [           main] [                                                 ] s.w.s.m.m.a.RequestMappingHandlerAdapter : ControllerAdvice beans: 0 @ModelAttribute, 0 @InitBinder, 1 RequestBodyAdvice, 1 ResponseBodyAdvice
2025-08-11T17:44:14.020-04:00 DEBUG 9417 --- [java-backend] [           main] [                                                 ] .m.m.a.ExceptionHandlerExceptionResolver : ControllerAdvice beans: 1 @ExceptionHandler, 1 ResponseBodyAdvice
2025-08-11T17:44:14.724-04:00  INFO 9417 --- [java-backend] [           main] [                                                 ] o.s.b.w.embedded.tomcat.TomcatWebServer  : Tomcat started on port 3002 (http) with context path '/api'
2025-08-11T17:44:14.752-04:00  INFO 9417 --- [java-backend] [           main] [                                                 ] com.shopper.JavaBackendApplication       : Started JavaBackendApplication in 19.292 seconds (process running for 28.808)
ðŸš€ Java Backend Server is running!
2025-08-11T17:44:14.841-04:00  INFO 9417 --- [java-backend] [nio-3002-exec-1] [                                                 ] o.a.c.c.C.[Tomcat].[localhost].[/api]    : Initializing Spring DispatcherServlet 'dispatcherServlet'
2025-08-11T17:44:14.842-04:00  INFO 9417 --- [java-backend] [nio-3002-exec-1] [                                                 ] o.s.web.servlet.DispatcherServlet        : Initializing Servlet 'dispatcherServlet'
2025-08-11T17:44:14.842-04:00 DEBUG 9417 --- [java-backend] [nio-3002-exec-1] [                                                 ] o.s.web.servlet.DispatcherServlet        : Detected StandardServletMultipartResolver
2025-08-11T17:44:14.842-04:00 DEBUG 9417 --- [java-backend] [nio-3002-exec-1] [                                                 ] o.s.web.servlet.DispatcherServlet        : Detected AcceptHeaderLocaleResolver
2025-08-11T17:44:14.842-04:00 DEBUG 9417 --- [java-backend] [nio-3002-exec-1] [                                                 ] o.s.web.servlet.DispatcherServlet        : Detected FixedThemeResolver
2025-08-11T17:44:14.843-04:00 DEBUG 9417 --- [java-backend] [nio-3002-exec-1] [                                                 ] o.s.web.servlet.DispatcherServlet        : Detected org.springframework.web.servlet.view.DefaultRequestToViewNameTranslator@14a33025
2025-08-11T17:44:14.846-04:00 DEBUG 9417 --- [java-backend] [nio-3002-exec-1] [                                                 ] o.s.web.servlet.DispatcherServlet        : Detected org.springframework.web.servlet.support.SessionFlashMapManager@5ac79bd5
2025-08-11T17:44:14.847-04:00 DEBUG 9417 --- [java-backend] [nio-3002-exec-1] [                                                 ] o.s.web.servlet.DispatcherServlet        : enableLoggingRequestDetails='false': request parameters and headers will be masked to prevent unsafe logging of potentially sensitive data
2025-08-11T17:44:14.847-04:00  INFO 9417 --- [java-backend] [nio-3002-exec-1] [                                                 ] o.s.web.servlet.DispatcherServlet        : Completed initialization in 5 ms
2025-08-11T17:44:14.921-04:00 DEBUG 9417 --- [java-backend] [nio-3002-exec-1] [b8590136d45ba9b0d6409db41a3fb612-395f5f9b2909a887] o.s.security.web.FilterChainProxy        : Securing GET /health
[otel.javaagent 2025-08-11 17:44:14:954 -0400] [http-nio-3002-exec-1] WARN io.opentelemetry.sdk.metrics.SdkMeter - Instrument name "spring.security.filterchains.JwtAuthenticationFilter$$SpringCGLIB$$0.before" is invalid, returning noop instrument. Instrument names must consist of 255 or fewer characters including alphanumeric, _, ., -, /, and start with a letter.
java.lang.AssertionError
	at io.opentelemetry.sdk.metrics.SdkMeter.checkValidInstrumentName(SdkMeter.java:324)
	at io.opentelemetry.sdk.metrics.SdkMeter.counterBuilder(SdkMeter.java:160)
	at io.opentelemetry.javaagent.instrumentation.opentelemetryapi.v1_31.incubator.metrics.ApplicationMeter131.counterBuilder(ApplicationMeter131.java:25)
	at io.opentelemetry.instrumentation.micrometer.v1_5.OpenTelemetryCounter.<init>(OpenTelemetryCounter.java:36)
	at io.opentelemetry.instrumentation.micrometer.v1_5.OpenTelemetryMeterRegistry.newCounter(OpenTelemetryMeterRegistry.java:79)
	at io.micrometer.core.instrument.MeterRegistry.lambda$registerMeterIfNecessary$5(MeterRegistry.java:570)
	at io.micrometer.core.instrument.MeterRegistry.getOrCreateMeter(MeterRegistry.java:625)
	at io.micrometer.core.instrument.MeterRegistry.registerMeterIfNecessary(MeterRegistry.java:577)
	at io.micrometer.core.instrument.MeterRegistry.registerMeterIfNecessary(MeterRegistry.java:570)
	at io.micrometer.core.instrument.MeterRegistry.counter(MeterRegistry.java:299)
	at io.micrometer.core.instrument.Counter$Builder.register(Counter.java:150)
	at io.micrometer.core.instrument.Counter$Builder.register(Counter.java:146)
	at io.micrometer.core.instrument.observation.DefaultMeterObservationHandler.onEvent(DefaultMeterObservationHandler.java:76)
	at io.micrometer.tracing.handler.TracingAwareMeterObservationHandler.onEvent(TracingAwareMeterObservationHandler.java:64)
	at io.micrometer.observation.ObservationHandler$FirstMatchingCompositeObservationHandler.onEvent(ObservationHandler.java:165)
	at io.micrometer.observation.SimpleObservation.notifyOnEvent(SimpleObservation.java:228)
	at io.micrometer.observation.SimpleObservation.event(SimpleObservation.java:145)
	at org.springframework.security.web.ObservationFilterChainDecorator$ObservationFilter.wrapFilter(ObservationFilterChainDecorator.java:239)
	at org.springframework.security.web.ObservationFilterChainDecorator$ObservationFilter.doFilter(ObservationFilterChainDecorator.java:227)
	at org.springframework.security.web.ObservationFilterChainDecorator$VirtualFilterChain.doFilter(ObservationFilterChainDecorator.java:137)
	at org.springframework.security.web.authentication.logout.LogoutFilter.doFilter(LogoutFilter.java:107)
	at org.springframework.security.web.authentication.logout.LogoutFilter.doFilter(LogoutFilter.java:93)
	at org.springframework.security.web.ObservationFilterChainDecorator$ObservationFilter.wrapFilter(ObservationFilterChainDecorator.java:240)
	at org.springframework.security.web.ObservationFilterChainDecorator$ObservationFilter.doFilter(ObservationFilterChainDecorator.java:227)
	at org.springframework.security.web.ObservationFilterChainDecorator$VirtualFilterChain.doFilter(ObservationFilterChainDecorator.java:137)
	at org.springframework.web.filter.CorsFilter.doFilterInternal(CorsFilter.java:91)
	at org.springframework.web.filter.OncePerRequestFilter.doFilter(OncePerRequestFilter.java:116)
	at org.springframework.security.web.ObservationFilterChainDecorator$ObservationFilter.wrapFilter(ObservationFilterChainDecorator.java:240)
	at org.springframework.security.web.ObservationFilterChainDecorator$ObservationFilter.doFilter(ObservationFilterChainDecorator.java:227)
	at org.springframework.security.web.ObservationFilterChainDecorator$VirtualFilterChain.doFilter(ObservationFilterChainDecorator.java:137)
	at org.springframework.security.web.header.HeaderWriterFilter.doHeadersAfter(HeaderWriterFilter.java:90)
	at org.springframework.security.web.header.HeaderWriterFilter.doFilterInternal(HeaderWriterFilter.java:75)
	at org.springframework.web.filter.OncePerRequestFilter.doFilter(OncePerRequestFilter.java:116)
	at org.springframework.security.web.ObservationFilterChainDecorator$ObservationFilter.wrapFilter(ObservationFilterChainDecorator.java:240)
	at org.springframework.security.web.ObservationFilterChainDecorator$ObservationFilter.doFilter(ObservationFilterChainDecorator.java:227)
	at org.springframework.security.web.ObservationFilterChainDecorator$VirtualFilterChain.doFilter(ObservationFilterChainDecorator.java:137)
	at org.springframework.security.web.context.SecurityContextHolderFilter.doFilter(SecurityContextHolderFilter.java:82)
	at org.springframework.security.web.context.SecurityContextHolderFilter.doFilter(SecurityContextHolderFilter.java:69)
	at org.springframework.security.web.ObservationFilterChainDecorator$ObservationFilter.wrapFilter(ObservationFilterChainDecorator.java:240)
	at org.springframework.security.web.ObservationFilterChainDecorator$ObservationFilter.doFilter(ObservationFilterChainDecorator.java:227)
	at org.springframework.security.web.ObservationFilterChainDecorator$VirtualFilterChain.doFilter(ObservationFilterChainDecorator.java:137)
	at org.springframework.security.web.context.request.async.WebAsyncManagerIntegrationFilter.doFilterInternal(WebAsyncManagerIntegrationFilter.java:62)
	at org.springframework.web.filter.OncePerRequestFilter.doFilter(OncePerRequestFilter.java:116)
	at org.springframework.security.web.ObservationFilterChainDecorator$ObservationFilter.wrapFilter(ObservationFilterChainDecorator.java:240)
	at org.springframework.security.web.ObservationFilterChainDecorator$ObservationFilter.doFilter(ObservationFilterChainDecorator.java:227)
	at org.springframework.security.web.ObservationFilterChainDecorator$VirtualFilterChain.doFilter(ObservationFilterChainDecorator.java:137)
	at org.springframework.security.web.session.DisableEncodeUrlFilter.doFilterInternal(DisableEncodeUrlFilter.java:42)
	at org.springframework.web.filter.OncePerRequestFilter.doFilter(OncePerRequestFilter.java:116)
	at org.springframework.security.web.ObservationFilterChainDecorator$ObservationFilter.wrapFilter(ObservationFilterChainDecorator.java:240)
	at org.springframework.security.web.ObservationFilterChainDecorator$AroundFilterObservation$SimpleAroundFilterObservation.lambda$wrap$0(ObservationFilterChainDecorator.java:323)
	at org.springframework.security.web.ObservationFilterChainDecorator$ObservationFilter.doFilter(ObservationFilterChainDecorator.java:224)
	at org.springframework.security.web.ObservationFilterChainDecorator$VirtualFilterChain.doFilter(ObservationFilterChainDecorator.java:137)
	at org.springframework.security.web.FilterChainProxy.doFilterInternal(FilterChainProxy.java:233)
	at org.springframework.security.web.FilterChainProxy.doFilter(FilterChainProxy.java:191)
	at org.springframework.web.filter.DelegatingFilterProxy.invokeDelegate(DelegatingFilterProxy.java:352)
	at org.springframework.web.filter.DelegatingFilterProxy.doFilter(DelegatingFilterProxy.java:268)
	at org.apache.catalina.core.ApplicationFilterChain.internalDoFilter(ApplicationFilterChain.java:174)
	at org.apache.catalina.core.ApplicationFilterChain.doFilter(ApplicationFilterChain.java:149)
	at org.springframework.web.filter.RequestContextFilter.doFilterInternal(RequestContextFilter.java:100)
	at org.springframework.web.filter.OncePerRequestFilter.doFilter(OncePerRequestFilter.java:116)
	at org.apache.catalina.core.ApplicationFilterChain.internalDoFilter(ApplicationFilterChain.java:174)
	at org.apache.catalina.core.ApplicationFilterChain.doFilter(ApplicationFilterChain.java:149)
	at org.springframework.web.filter.FormContentFilter.doFilterInternal(FormContentFilter.java:93)
	at org.springframework.web.filter.OncePerRequestFilter.doFilter(OncePerRequestFilter.java:116)
	at org.apache.catalina.core.ApplicationFilterChain.internalDoFilter(ApplicationFilterChain.java:174)
	at org.apache.catalina.core.ApplicationFilterChain.doFilter(ApplicationFilterChain.java:149)
	at io.opentelemetry.instrumentation.spring.webmvc.v6_0.WebMvcTelemetryProducingFilter.doFilterInternal(WebMvcTelemetryProducingFilter.java:51)
	at org.springframework.web.filter.OncePerRequestFilter.doFilter(OncePerRequestFilter.java:116)
	at org.apache.catalina.core.ApplicationFilterChain.internalDoFilter(ApplicationFilterChain.java:174)
	at org.apache.catalina.core.ApplicationFilterChain.doFilter(ApplicationFilterChain.java:149)
	at org.springframework.web.servlet.v6_0.OpenTelemetryHandlerMappingFilter.doFilter(OpenTelemetryHandlerMappingFilter.java:78)
	at org.apache.catalina.core.ApplicationFilterChain.internalDoFilter(ApplicationFilterChain.java:174)
	at org.apache.catalina.core.ApplicationFilterChain.doFilter(ApplicationFilterChain.java:149)
	at org.springframework.web.filter.ServerHttpObservationFilter.doFilterInternal(ServerHttpObservationFilter.java:109)
	at org.springframework.web.filter.OncePerRequestFilter.doFilter(OncePerRequestFilter.java:116)
	at org.apache.catalina.core.ApplicationFilterChain.internalDoFilter(ApplicationFilterChain.java:174)
	at org.apache.catalina.core.ApplicationFilterChain.doFilter(ApplicationFilterChain.java:149)
	at org.springframework.web.filter.CharacterEncodingFilter.doFilterInternal(CharacterEncodingFilter.java:201)
	at org.springframework.web.filter.OncePerRequestFilter.doFilter(OncePerRequestFilter.java:116)
	at org.apache.catalina.core.ApplicationFilterChain.internalDoFilter(ApplicationFilterChain.java:174)
	at org.apache.catalina.core.ApplicationFilterChain.doFilter(ApplicationFilterChain.java:149)
	at org.apache.catalina.core.StandardWrapperValve.invoke(StandardWrapperValve.java:167)
	at org.apache.catalina.core.StandardContextValve.invoke(StandardContextValve.java:90)
	at org.apache.catalina.authenticator.AuthenticatorBase.invoke(AuthenticatorBase.java:482)
	at org.apache.catalina.core.StandardHostValve.invoke(StandardHostValve.java:115)
	at org.apache.catalina.valves.ErrorReportValve.invoke(ErrorReportValve.java:93)
	at org.apache.catalina.core.StandardEngineValve.invoke(StandardEngineValve.java:74)
	at org.apache.catalina.connector.CoyoteAdapter.service(CoyoteAdapter.java:340)
	at org.apache.coyote.http11.Http11Processor.service(Http11Processor.java:391)
	at org.apache.coyote.AbstractProcessorLight.process(AbstractProcessorLight.java:63)
	at org.apache.coyote.AbstractProtocol$ConnectionHandler.process(AbstractProtocol.java:896)
	at org.apache.tomcat.util.net.NioEndpoint$SocketProcessor.doRun(NioEndpoint.java:1744)
	at org.apache.tomcat.util.net.SocketProcessorBase.run(SocketProcessorBase.java:52)
	at org.apache.tomcat.util.threads.ThreadPoolExecutor.runWorker(ThreadPoolExecutor.java:1191)
	at org.apache.tomcat.util.threads.ThreadPoolExecutor$Worker.run(ThreadPoolExecutor.java:659)
	at org.apache.tomcat.util.threads.TaskThread$WrappingRunnable.run(TaskThread.java:61)
	at java.base/java.lang.Thread.run(Thread.java:833)
2025-08-11T17:44:14.966-04:00  INFO 9417 --- [java-backend] [nio-3002-exec-1] [b8590136d45ba9b0d6409db41a3fb612-ff88362f33113900] c.s.security.JwtAuthenticationFilter     : No Authorization header or Bearer token found
2025-08-11T17:44:14.966-04:00  INFO 9417 --- [java-backend] [nio-3002-exec-1] [b8590136d45ba9b0d6409db41a3fb612-ff88362f33113900] c.s.security.JwtAuthenticationFilter     : No username extracted from JWT token
2025-08-11T17:44:14.974-04:00 DEBUG 9417 --- [java-backend] [nio-3002-exec-1] [b8590136d45ba9b0d6409db41a3fb612-ff88362f33113900] o.s.s.w.a.AnonymousAuthenticationFilter  : Set SecurityContextHolder to anonymous SecurityContext
2025-08-11T17:44:14.977-04:00  WARN 9417 --- [java-backend] [nio-3002-exec-1] [b8590136d45ba9b0d6409db41a3fb612-64713d00051009b7] o.s.w.s.h.HandlerMappingIntrospector     : Cache miss for REQUEST dispatch to '/api/health' (previous null). Performing MatchableHandlerMapping lookup. This is logged once only at WARN level, and every time at TRACE.
2025-08-11T17:44:14.996-04:00 DEBUG 9417 --- [java-backend] [nio-3002-exec-1] [b8590136d45ba9b0d6409db41a3fb612-bf5f0c3815201717] o.s.security.web.FilterChainProxy        : Secured GET /health
2025-08-11T17:44:14.998-04:00 DEBUG 9417 --- [java-backend] [nio-3002-exec-1] [b8590136d45ba9b0d6409db41a3fb612-bf5f0c3815201717] o.s.web.servlet.DispatcherServlet        : GET "/api/health", parameters={}
2025-08-11T17:44:15.000-04:00 DEBUG 9417 --- [java-backend] [nio-3002-exec-1] [b8590136d45ba9b0d6409db41a3fb612-bf5f0c3815201717] s.w.s.m.m.a.RequestMappingHandlerMapping : Mapped to com.shopper.controller.HealthController#health()
2025-08-11T17:44:15.000-04:00  INFO 9417 --- [java-backend] [nio-3002-exec-1] [b8590136d45ba9b0d6409db41a3fb612-bf5f0c3815201717] c.s.interceptor.LoggingInterceptor       : ðŸ”„ GET /api/health [Anonymous] - Request started
2025-08-11T17:44:15.033-04:00 DEBUG 9417 --- [java-backend] [nio-3002-exec-1] [b8590136d45ba9b0d6409db41a3fb612-bf5f0c3815201717] m.m.a.RequestResponseBodyMethodProcessor : Using 'application/json', given [*/*] and supported [application/json, application/*+json]
2025-08-11T17:44:15.035-04:00 DEBUG 9417 --- [java-backend] [nio-3002-exec-1] [b8590136d45ba9b0d6409db41a3fb612-bf5f0c3815201717] m.m.a.RequestResponseBodyMethodProcessor : Writing [{status=UP, timestamp=1754948655018}]
2025-08-11T17:44:15.052-04:00  INFO 9417 --- [java-backend] [nio-3002-exec-1] [b8590136d45ba9b0d6409db41a3fb612-bf5f0c3815201717] c.s.interceptor.LoggingInterceptor       : âœ… GET /api/health [Anonymous] - 200 (52ms)
2025-08-11T17:44:15.053-04:00 DEBUG 9417 --- [java-backend] [nio-3002-exec-1] [b8590136d45ba9b0d6409db41a3fb612-bf5f0c3815201717] o.s.web.servlet.DispatcherServlet        : Completed 200 OK
[otel.javaagent 2025-08-11 17:44:15:056 -0400] [http-nio-3002-exec-1] WARN io.opentelemetry.sdk.metrics.SdkMeter - Instrument name "spring.security.filterchains.JwtAuthenticationFilter$$SpringCGLIB$$0.after" is invalid, returning noop instrument. Instrument names must consist of 255 or fewer characters including alphanumeric, _, ., -, /, and start with a letter.
java.lang.AssertionError
	at io.opentelemetry.sdk.metrics.SdkMeter.checkValidInstrumentName(SdkMeter.java:324)
	at io.opentelemetry.sdk.metrics.SdkMeter.counterBuilder(SdkMeter.java:160)
	at io.opentelemetry.javaagent.instrumentation.opentelemetryapi.v1_31.incubator.metrics.ApplicationMeter131.counterBuilder(ApplicationMeter131.java:25)
	at io.opentelemetry.instrumentation.micrometer.v1_5.OpenTelemetryCounter.<init>(OpenTelemetryCounter.java:36)
	at io.opentelemetry.instrumentation.micrometer.v1_5.OpenTelemetryMeterRegistry.newCounter(OpenTelemetryMeterRegistry.java:79)
	at io.micrometer.core.instrument.MeterRegistry.lambda$registerMeterIfNecessary$5(MeterRegistry.java:570)
	at io.micrometer.core.instrument.MeterRegistry.getOrCreateMeter(MeterRegistry.java:625)
	at io.micrometer.core.instrument.MeterRegistry.registerMeterIfNecessary(MeterRegistry.java:577)
	at io.micrometer.core.instrument.MeterRegistry.registerMeterIfNecessary(MeterRegistry.java:570)
	at io.micrometer.core.instrument.MeterRegistry.counter(MeterRegistry.java:299)
	at io.micrometer.core.instrument.Counter$Builder.register(Counter.java:150)
	at io.micrometer.core.instrument.Counter$Builder.register(Counter.java:146)
	at io.micrometer.core.instrument.observation.DefaultMeterObservationHandler.onEvent(DefaultMeterObservationHandler.java:76)
	at io.micrometer.tracing.handler.TracingAwareMeterObservationHandler.onEvent(TracingAwareMeterObservationHandler.java:64)
	at io.micrometer.observation.ObservationHandler$FirstMatchingCompositeObservationHandler.onEvent(ObservationHandler.java:165)
	at io.micrometer.observation.SimpleObservation.notifyOnEvent(SimpleObservation.java:228)
	at io.micrometer.observation.SimpleObservation.event(SimpleObservation.java:145)
	at org.springframework.security.web.ObservationFilterChainDecorator$ObservationFilter.wrapFilter(ObservationFilterChainDecorator.java:247)
	at org.springframework.security.web.ObservationFilterChainDecorator$ObservationFilter.doFilter(ObservationFilterChainDecorator.java:227)
	at org.springframework.security.web.ObservationFilterChainDecorator$VirtualFilterChain.doFilter(ObservationFilterChainDecorator.java:137)
	at org.springframework.security.web.authentication.logout.LogoutFilter.doFilter(LogoutFilter.java:107)
	at org.springframework.security.web.authentication.logout.LogoutFilter.doFilter(LogoutFilter.java:93)
	at org.springframework.security.web.ObservationFilterChainDecorator$ObservationFilter.wrapFilter(ObservationFilterChainDecorator.java:240)
	at org.springframework.security.web.ObservationFilterChainDecorator$ObservationFilter.doFilter(ObservationFilterChainDecorator.java:227)
	at org.springframework.security.web.ObservationFilterChainDecorator$VirtualFilterChain.doFilter(ObservationFilterChainDecorator.java:137)
	at org.springframework.web.filter.CorsFilter.doFilterInternal(CorsFilter.java:91)
	at org.springframework.web.filter.OncePerRequestFilter.doFilter(OncePerRequestFilter.java:116)
	at org.springframework.security.web.ObservationFilterChainDecorator$ObservationFilter.wrapFilter(ObservationFilterChainDecorator.java:240)
	at org.springframework.security.web.ObservationFilterChainDecorator$ObservationFilter.doFilter(ObservationFilterChainDecorator.java:227)
	at org.springframework.security.web.ObservationFilterChainDecorator$VirtualFilterChain.doFilter(ObservationFilterChainDecorator.java:137)
	at org.springframework.security.web.header.HeaderWriterFilter.doHeadersAfter(HeaderWriterFilter.java:90)
	at org.springframework.security.web.header.HeaderWriterFilter.doFilterInternal(HeaderWriterFilter.java:75)
	at org.springframework.web.filter.OncePerRequestFilter.doFilter(OncePerRequestFilter.java:116)
	at org.springframework.security.web.ObservationFilterChainDecorator$ObservationFilter.wrapFilter(ObservationFilterChainDecorator.java:240)
	at org.springframework.security.web.ObservationFilterChainDecorator$ObservationFilter.doFilter(ObservationFilterChainDecorator.java:227)
	at org.springframework.security.web.ObservationFilterChainDecorator$VirtualFilterChain.doFilter(ObservationFilterChainDecorator.java:137)
	at org.springframework.security.web.context.SecurityContextHolderFilter.doFilter(SecurityContextHolderFilter.java:82)
	at org.springframework.security.web.context.SecurityContextHolderFilter.doFilter(SecurityContextHolderFilter.java:69)
	at org.springframework.security.web.ObservationFilterChainDecorator$ObservationFilter.wrapFilter(ObservationFilterChainDecorator.java:240)
	at org.springframework.security.web.ObservationFilterChainDecorator$ObservationFilter.doFilter(ObservationFilterChainDecorator.java:227)
	at org.springframework.security.web.ObservationFilterChainDecorator$VirtualFilterChain.doFilter(ObservationFilterChainDecorator.java:137)
	at org.springframework.security.web.context.request.async.WebAsyncManagerIntegrationFilter.doFilterInternal(WebAsyncManagerIntegrationFilter.java:62)
	at org.springframework.web.filter.OncePerRequestFilter.doFilter(OncePerRequestFilter.java:116)
	at org.springframework.security.web.ObservationFilterChainDecorator$ObservationFilter.wrapFilter(ObservationFilterChainDecorator.java:240)
	at org.springframework.security.web.ObservationFilterChainDecorator$ObservationFilter.doFilter(ObservationFilterChainDecorator.java:227)
	at org.springframework.security.web.ObservationFilterChainDecorator$VirtualFilterChain.doFilter(ObservationFilterChainDecorator.java:137)
	at org.springframework.security.web.session.DisableEncodeUrlFilter.doFilterInternal(DisableEncodeUrlFilter.java:42)
	at org.springframework.web.filter.OncePerRequestFilter.doFilter(OncePerRequestFilter.java:116)
	at org.springframework.security.web.ObservationFilterChainDecorator$ObservationFilter.wrapFilter(ObservationFilterChainDecorator.java:240)
	at org.springframework.security.web.ObservationFilterChainDecorator$AroundFilterObservation$SimpleAroundFilterObservation.lambda$wrap$0(ObservationFilterChainDecorator.java:323)
	at org.springframework.security.web.ObservationFilterChainDecorator$ObservationFilter.doFilter(ObservationFilterChainDecorator.java:224)
	at org.springframework.security.web.ObservationFilterChainDecorator$VirtualFilterChain.doFilter(ObservationFilterChainDecorator.java:137)
	at org.springframework.security.web.FilterChainProxy.doFilterInternal(FilterChainProxy.java:233)
	at org.springframework.security.web.FilterChainProxy.doFilter(FilterChainProxy.java:191)
	at org.springframework.web.filter.DelegatingFilterProxy.invokeDelegate(DelegatingFilterProxy.java:352)
	at org.springframework.web.filter.DelegatingFilterProxy.doFilter(DelegatingFilterProxy.java:268)
	at org.apache.catalina.core.ApplicationFilterChain.internalDoFilter(ApplicationFilterChain.java:174)
	at org.apache.catalina.core.ApplicationFilterChain.doFilter(ApplicationFilterChain.java:149)
	at org.springframework.web.filter.RequestContextFilter.doFilterInternal(RequestContextFilter.java:100)
	at org.springframework.web.filter.OncePerRequestFilter.doFilter(OncePerRequestFilter.java:116)
	at org.apache.catalina.core.ApplicationFilterChain.internalDoFilter(ApplicationFilterChain.java:174)
	at org.apache.catalina.core.ApplicationFilterChain.doFilter(ApplicationFilterChain.java:149)
	at org.springframework.web.filter.FormContentFilter.doFilterInternal(FormContentFilter.java:93)
	at org.springframework.web.filter.OncePerRequestFilter.doFilter(OncePerRequestFilter.java:116)
	at org.apache.catalina.core.ApplicationFilterChain.internalDoFilter(ApplicationFilterChain.java:174)
	at org.apache.catalina.core.ApplicationFilterChain.doFilter(ApplicationFilterChain.java:149)
	at io.opentelemetry.instrumentation.spring.webmvc.v6_0.WebMvcTelemetryProducingFilter.doFilterInternal(WebMvcTelemetryProducingFilter.java:51)
	at org.springframework.web.filter.OncePerRequestFilter.doFilter(OncePerRequestFilter.java:116)
	at org.apache.catalina.core.ApplicationFilterChain.internalDoFilter(ApplicationFilterChain.java:174)
	at org.apache.catalina.core.ApplicationFilterChain.doFilter(ApplicationFilterChain.java:149)
	at org.springframework.web.servlet.v6_0.OpenTelemetryHandlerMappingFilter.doFilter(OpenTelemetryHandlerMappingFilter.java:78)
	at org.apache.catalina.core.ApplicationFilterChain.internalDoFilter(ApplicationFilterChain.java:174)
	at org.apache.catalina.core.ApplicationFilterChain.doFilter(ApplicationFilterChain.java:149)
	at org.springframework.web.filter.ServerHttpObservationFilter.doFilterInternal(ServerHttpObservationFilter.java:109)
	at org.springframework.web.filter.OncePerRequestFilter.doFilter(OncePerRequestFilter.java:116)
	at org.apache.catalina.core.ApplicationFilterChain.internalDoFilter(ApplicationFilterChain.java:174)
	at org.apache.catalina.core.ApplicationFilterChain.doFilter(ApplicationFilterChain.java:149)
	at org.springframework.web.filter.CharacterEncodingFilter.doFilterInternal(CharacterEncodingFilter.java:201)
	at org.springframework.web.filter.OncePerRequestFilter.doFilter(OncePerRequestFilter.java:116)
	at org.apache.catalina.core.ApplicationFilterChain.internalDoFilter(ApplicationFilterChain.java:174)
	at org.apache.catalina.core.ApplicationFilterChain.doFilter(ApplicationFilterChain.java:149)
	at org.apache.catalina.core.StandardWrapperValve.invoke(StandardWrapperValve.java:167)
	at org.apache.catalina.core.StandardContextValve.invoke(StandardContextValve.java:90)
	at org.apache.catalina.authenticator.AuthenticatorBase.invoke(AuthenticatorBase.java:482)
	at org.apache.catalina.core.StandardHostValve.invoke(StandardHostValve.java:115)
	at org.apache.catalina.valves.ErrorReportValve.invoke(ErrorReportValve.java:93)
	at org.apache.catalina.core.StandardEngineValve.invoke(StandardEngineValve.java:74)
	at org.apache.catalina.connector.CoyoteAdapter.service(CoyoteAdapter.java:340)
	at org.apache.coyote.http11.Http11Processor.service(Http11Processor.java:391)
	at org.apache.coyote.AbstractProcessorLight.process(AbstractProcessorLight.java:63)
	at org.apache.coyote.AbstractProtocol$ConnectionHandler.process(AbstractProtocol.java:896)
	at org.apache.tomcat.util.net.NioEndpoint$SocketProcessor.doRun(NioEndpoint.java:1744)
	at org.apache.tomcat.util.net.SocketProcessorBase.run(SocketProcessorBase.java:52)
	at org.apache.tomcat.util.threads.ThreadPoolExecutor.runWorker(ThreadPoolExecutor.java:1191)
	at org.apache.tomcat.util.threads.ThreadPoolExecutor$Worker.run(ThreadPoolExecutor.java:659)
	at org.apache.tomcat.util.threads.TaskThread$WrappingRunnable.run(TaskThread.java:61)
	at java.base/java.lang.Thread.run(Thread.java:833)
2025-08-11T17:44:23.319-04:00 DEBUG 9417 --- [java-backend] [nio-3002-exec-2] [8ae5db3f170123159f1ea2b048660736-66c3818fb02da374] o.s.security.web.FilterChainProxy        : Securing POST /auth/login
2025-08-11T17:44:23.326-04:00 DEBUG 9417 --- [java-backend] [nio-3002-exec-2] [8ae5db3f170123159f1ea2b048660736-69c4eb7039303924] o.s.s.w.a.AnonymousAuthenticationFilter  : Set SecurityContextHolder to anonymous SecurityContext
2025-08-11T17:44:23.329-04:00 DEBUG 9417 --- [java-backend] [nio-3002-exec-2] [8ae5db3f170123159f1ea2b048660736-f3a1d7054cdbdcf2] o.s.security.web.FilterChainProxy        : Secured POST /auth/login
2025-08-11T17:44:23.330-04:00 DEBUG 9417 --- [java-backend] [nio-3002-exec-2] [8ae5db3f170123159f1ea2b048660736-f3a1d7054cdbdcf2] o.s.web.servlet.DispatcherServlet        : POST "/api/auth/login", parameters={}
2025-08-11T17:44:23.330-04:00 DEBUG 9417 --- [java-backend] [nio-3002-exec-2] [8ae5db3f170123159f1ea2b048660736-f3a1d7054cdbdcf2] s.w.s.m.m.a.RequestMappingHandlerMapping : Mapped to com.shopper.controller.AuthController#login(LoginDto)
2025-08-11T17:44:23.330-04:00  INFO 9417 --- [java-backend] [nio-3002-exec-2] [8ae5db3f170123159f1ea2b048660736-f3a1d7054cdbdcf2] c.s.interceptor.LoggingInterceptor       : ðŸ”„ POST /api/auth/login [Anonymous] - Request started
2025-08-11T17:44:23.350-04:00 DEBUG 9417 --- [java-backend] [nio-3002-exec-2] [8ae5db3f170123159f1ea2b048660736-f3a1d7054cdbdcf2] o.s.web.method.HandlerMethod             : Could not resolve parameter [0] in public org.springframework.http.ResponseEntity<com.shopper.dto.AuthResponseDto> com.shopper.controller.AuthController.login(com.shopper.dto.LoginDto): JSON parse error: Unexpected character ('\' (code 92)): was expecting double-quote to start field name
2025-08-11T17:44:23.354-04:00  WARN 9417 --- [java-backend] [nio-3002-exec-2] [8ae5db3f170123159f1ea2b048660736-f3a1d7054cdbdcf2] .w.s.m.s.DefaultHandlerExceptionResolver : Resolved [org.springframework.http.converter.HttpMessageNotReadableException: JSON parse error: Unexpected character ('\' (code 92)): was expecting double-quote to start field name]
2025-08-11T17:44:23.354-04:00  INFO 9417 --- [java-backend] [nio-3002-exec-2] [8ae5db3f170123159f1ea2b048660736-f3a1d7054cdbdcf2] c.s.interceptor.LoggingInterceptor       : âœ… POST /api/auth/login [Anonymous] - 400 (24ms)
2025-08-11T17:44:23.354-04:00 DEBUG 9417 --- [java-backend] [nio-3002-exec-2] [8ae5db3f170123159f1ea2b048660736-f3a1d7054cdbdcf2] o.s.web.servlet.DispatcherServlet        : Completed 400 BAD_REQUEST
2025-08-11T17:44:23.367-04:00 DEBUG 9417 --- [java-backend] [nio-3002-exec-2] [8ae5db3f170123159f1ea2b048660736-d9cb434f04837930] o.s.security.web.FilterChainProxy        : Securing POST /error
2025-08-11T17:44:23.375-04:00 DEBUG 9417 --- [java-backend] [nio-3002-exec-2] [8ae5db3f170123159f1ea2b048660736-0d38432b89a2b7f0] o.s.security.web.FilterChainProxy        : Secured POST /error
2025-08-11T17:44:23.376-04:00 DEBUG 9417 --- [java-backend] [nio-3002-exec-2] [8ae5db3f170123159f1ea2b048660736-0d38432b89a2b7f0] o.s.web.servlet.DispatcherServlet        : "ERROR" dispatch for POST "/api/error", parameters={}
2025-08-11T17:44:23.377-04:00 DEBUG 9417 --- [java-backend] [nio-3002-exec-2] [8ae5db3f170123159f1ea2b048660736-0d38432b89a2b7f0] s.w.s.m.m.a.RequestMappingHandlerMapping : Mapped to org.springframework.boot.autoconfigure.web.servlet.error.BasicErrorController#error(HttpServletRequest)
2025-08-11T17:44:23.377-04:00 DEBUG 9417 --- [java-backend] [nio-3002-exec-2] [8ae5db3f170123159f1ea2b048660736-0d38432b89a2b7f0] o.s.s.w.a.AnonymousAuthenticationFilter  : Set SecurityContextHolder to anonymous SecurityContext
2025-08-11T17:44:23.377-04:00  INFO 9417 --- [java-backend] [nio-3002-exec-2] [8ae5db3f170123159f1ea2b048660736-0d38432b89a2b7f0] c.s.interceptor.LoggingInterceptor       : ðŸ”„ POST /api/error [Anonymous] - Request started
2025-08-11T17:44:23.382-04:00 DEBUG 9417 --- [java-backend] [nio-3002-exec-2] [8ae5db3f170123159f1ea2b048660736-0d38432b89a2b7f0] o.s.w.s.m.m.a.HttpEntityMethodProcessor  : Using 'application/json', given [*/*] and supported [application/json, application/*+json]
2025-08-11T17:44:23.383-04:00 DEBUG 9417 --- [java-backend] [nio-3002-exec-2] [8ae5db3f170123159f1ea2b048660736-0d38432b89a2b7f0] o.s.w.s.m.m.a.HttpEntityMethodProcessor  : Writing [{timestamp=Mon Aug 11 17:44:23 EDT 2025, status=400, error=Bad Request, path=/api/auth/login}]
2025-08-11T17:44:23.386-04:00  INFO 9417 --- [java-backend] [nio-3002-exec-2] [8ae5db3f170123159f1ea2b048660736-0d38432b89a2b7f0] c.s.interceptor.LoggingInterceptor       : âœ… POST /api/error [Anonymous] - 400 (9ms)
2025-08-11T17:44:23.388-04:00 DEBUG 9417 --- [java-backend] [nio-3002-exec-2] [8ae5db3f170123159f1ea2b048660736-0d38432b89a2b7f0] o.s.web.servlet.DispatcherServlet        : Exiting from "ERROR" dispatch, status 400
2025-08-11T17:44:23.410-04:00 DEBUG 9417 --- [java-backend] [nio-3002-exec-3] [806ade14fbc47e40b4036256cfa3d46e-4080345ad78766be] o.s.security.web.FilterChainProxy        : Securing GET /products
2025-08-11T17:44:23.413-04:00  INFO 9417 --- [java-backend] [nio-3002-exec-3] [806ade14fbc47e40b4036256cfa3d46e-b03914fd077b0fac] c.s.security.JwtAuthenticationFilter     : No Authorization header or Bearer token found
2025-08-11T17:44:23.413-04:00  INFO 9417 --- [java-backend] [nio-3002-exec-3] [806ade14fbc47e40b4036256cfa3d46e-b03914fd077b0fac] c.s.security.JwtAuthenticationFilter     : No username extracted from JWT token
2025-08-11T17:44:23.414-04:00 DEBUG 9417 --- [java-backend] [nio-3002-exec-3] [806ade14fbc47e40b4036256cfa3d46e-b03914fd077b0fac] o.s.s.w.a.AnonymousAuthenticationFilter  : Set SecurityContextHolder to anonymous SecurityContext
2025-08-11T17:44:23.420-04:00 DEBUG 9417 --- [java-backend] [nio-3002-exec-3] [806ade14fbc47e40b4036256cfa3d46e-70b7dfe9a83ecc07] o.s.security.web.FilterChainProxy        : Secured GET /products
2025-08-11T17:44:23.424-04:00 DEBUG 9417 --- [java-backend] [nio-3002-exec-3] [806ade14fbc47e40b4036256cfa3d46e-70b7dfe9a83ecc07] o.s.web.servlet.DispatcherServlet        : GET "/api/products", parameters={}
2025-08-11T17:44:23.425-04:00 DEBUG 9417 --- [java-backend] [nio-3002-exec-3] [806ade14fbc47e40b4036256cfa3d46e-70b7dfe9a83ecc07] s.w.s.m.m.a.RequestMappingHandlerMapping : Mapped to com.shopper.controller.ProductController#getAllProducts()
2025-08-11T17:44:23.425-04:00  INFO 9417 --- [java-backend] [nio-3002-exec-3] [806ade14fbc47e40b4036256cfa3d46e-70b7dfe9a83ecc07] c.s.interceptor.LoggingInterceptor       : ðŸ”„ GET /api/products [Anonymous] - Request started
2025-08-11T17:44:23.429-04:00  INFO 9417 --- [java-backend] [nio-3002-exec-3] [806ade14fbc47e40b4036256cfa3d46e-70b7dfe9a83ecc07] com.shopper.service.FeatureFlagService   : Feature flags initialized with default values
2025-08-11T17:44:28.555-04:00 DEBUG 9417 --- [java-backend] [nio-3002-exec-3] [806ade14fbc47e40b4036256cfa3d46e-70b7dfe9a83ecc07] c.shopper.config.DynatraceOtelLogHook    : Feature flag evaluation span started for key: new-flow
2025-08-11T17:44:28.556-04:00 DEBUG 9417 --- [java-backend] [nio-3002-exec-3] [806ade14fbc47e40b4036256cfa3d46e-70b7dfe9a83ecc07] c.shopper.config.DynatraceOtelLogHook    : Completing feature flag evaluation span for key: new-flow
2025-08-11T17:44:28.556-04:00  WARN 9417 --- [java-backend] [nio-3002-exec-3] [806ade14fbc47e40b4036256cfa3d46e-70b7dfe9a83ecc07] c.shopper.config.DynatraceOtelLogHook    : variableMetadata: null
2025-08-11T17:44:28.556-04:00 DEBUG 9417 --- [java-backend] [nio-3002-exec-3] [806ade14fbc47e40b4036256cfa3d46e-70b7dfe9a83ecc07] c.shopper.config.DynatraceOtelLogHook    : Feature flag span completed: new-flow = false
2025-08-11T17:44:28.556-04:00 DEBUG 9417 --- [java-backend] [nio-3002-exec-3] [806ade14fbc47e40b4036256cfa3d46e-70b7dfe9a83ecc07] c.shopper.config.DynatraceOtelLogHook    : Feature flag span ended for key: new-flow
2025-08-11T17:44:28.556-04:00 DEBUG 9417 --- [java-backend] [nio-3002-exec-3] [806ade14fbc47e40b4036256cfa3d46e-70b7dfe9a83ecc07] com.shopper.service.FeatureFlagService   : ðŸŽ›ï¸ Feature flag 'new-flow' evaluated to: false for user: anonymous
2025-08-11T17:44:28.560-04:00 DEBUG 9417 --- [java-backend] [nio-3002-exec-3] [806ade14fbc47e40b4036256cfa3d46e-70b7dfe9a83ecc07] c.s.service.DualDatabaseStrategyImpl     : Secondary database not enabled, using primary for read operation
2025-08-11T17:44:28.649-04:00 DEBUG 9417 --- [java-backend] [nio-3002-exec-3] [806ade14fbc47e40b4036256cfa3d46e-70b7dfe9a83ecc07] org.hibernate.SQL                        : select p1_0.id,p1_0.category,p1_0.created_at,p1_0.description,p1_0.image_url,p1_0.name,p1_0.price,p1_0.stock_quantity,p1_0.updated_at from products p1_0
2025-08-11T17:44:28.850-04:00 DEBUG 9417 --- [java-backend] [nio-3002-exec-3] [806ade14fbc47e40b4036256cfa3d46e-70b7dfe9a83ecc07] o.s.w.s.m.m.a.HttpEntityMethodProcessor  : Using 'application/json', given [*/*] and supported [application/json, application/*+json]
2025-08-11T17:44:28.874-04:00 DEBUG 9417 --- [java-backend] [nio-3002-exec-3] [806ade14fbc47e40b4036256cfa3d46e-70b7dfe9a83ecc07] o.s.w.s.m.m.a.HttpEntityMethodProcessor  : Writing [[Product(id=65336362-3637-3733-2d33-3135312d3463, name=Wireless Bluetooth Headphones, description=Hi (truncated)...]
2025-08-11T17:44:28.919-04:00  INFO 9417 --- [java-backend] [nio-3002-exec-3] [806ade14fbc47e40b4036256cfa3d46e-70b7dfe9a83ecc07] c.s.interceptor.LoggingInterceptor       : âœ… GET /api/products [Anonymous] - 200 (5494ms)
2025-08-11T17:44:28.920-04:00 DEBUG 9417 --- [java-backend] [nio-3002-exec-3] [806ade14fbc47e40b4036256cfa3d46e-70b7dfe9a83ecc07] o.s.web.servlet.DispatcherServlet        : Completed 200 OK
Error reading event
java.net.SocketException: Connection reset
2025-08-11T18:24:12.599-04:00  WARN 9417 --- [java-backend] [l-1 housekeeper] [                                                 ] com.zaxxer.hikari.pool.HikariPool        : HikariPool-1 - Thread starvation or clock leap detected (housekeeper delta=30m40s52ms).
[otel.javaagent 2025-08-11 18:24:14:291 -0400] [OkHttp https://xtc47953.live.dynatrace.com/...] ERROR io.opentelemetry.exporter.internal.http.HttpExporter - Failed to export metrics. The request could not be executed. Full error message: timeout
java.io.InterruptedIOException: timeout
	at okhttp3.internal.connection.RealCall.timeoutExit(RealCall.kt:398)
	at okhttp3.internal.connection.RealCall.callDone(RealCall.kt:360)
	at okhttp3.internal.connection.RealCall.noMoreExchanges$okhttp(RealCall.kt:325)
	at okhttp3.internal.connection.RealCall.getResponseWithInterceptorChain$okhttp(RealCall.kt:209)
	at okhttp3.internal.connection.RealCall$AsyncCall.run(RealCall.kt:517)
	at java.base/java.util.concurrent.ThreadPoolExecutor.runWorker(ThreadPoolExecutor.java:1136)
	at java.base/java.util.concurrent.ThreadPoolExecutor$Worker.run(ThreadPoolExecutor.java:635)
	at java.base/java.lang.Thread.run(Thread.java:833)
Caused by: java.io.IOException: Canceled
	at okhttp3.internal.http.RetryAndFollowUpInterceptor.intercept(RetryAndFollowUpInterceptor.kt:72)
	at okhttp3.internal.http.RealInterceptorChain.proceed(RealInterceptorChain.kt:109)
	at io.opentelemetry.exporter.sender.okhttp.internal.RetryInterceptor.intercept(RetryInterceptor.java:96)
	at okhttp3.internal.http.RealInterceptorChain.proceed(RealInterceptorChain.kt:109)
	at okhttp3.internal.connection.RealCall.getResponseWithInterceptorChain$okhttp(RealCall.kt:201)
	... 4 more
2025-08-11T19:17:29.182-04:00  WARN 9417 --- [java-backend] [l-1 housekeeper] [                                                 ] com.zaxxer.hikari.pool.HikariPool        : HikariPool-1 - Thread starvation or clock leap detected (housekeeper delta=48m16s530ms).
[otel.javaagent 2025-08-11 19:18:00:422 -0400] [OkHttp https://xtc47953.live.dynatrace.com/...] ERROR io.opentelemetry.exporter.internal.http.HttpExporter - Failed to export metrics. The request could not be executed. Full error message: timeout
java.io.InterruptedIOException: timeout
	at okhttp3.internal.connection.RealCall.timeoutExit(RealCall.kt:398)
	at okhttp3.internal.connection.RealCall.callDone(RealCall.kt:360)
	at okhttp3.internal.connection.RealCall.noMoreExchanges$okhttp(RealCall.kt:325)
	at okhttp3.internal.connection.RealCall.getResponseWithInterceptorChain$okhttp(RealCall.kt:209)
	at okhttp3.internal.connection.RealCall$AsyncCall.run(RealCall.kt:517)
	at java.base/java.util.concurrent.ThreadPoolExecutor.runWorker(ThreadPoolExecutor.java:1136)
	at java.base/java.util.concurrent.ThreadPoolExecutor$Worker.run(ThreadPoolExecutor.java:635)
	at java.base/java.lang.Thread.run(Thread.java:833)
Caused by: java.io.IOException: Canceled
	at okhttp3.internal.http.RetryAndFollowUpInterceptor.intercept(RetryAndFollowUpInterceptor.kt:72)
	at okhttp3.internal.http.RealInterceptorChain.proceed(RealInterceptorChain.kt:109)
	at io.opentelemetry.exporter.sender.okhttp.internal.RetryInterceptor.intercept(RetryInterceptor.java:96)
	at okhttp3.internal.http.RealInterceptorChain.proceed(RealInterceptorChain.kt:109)
	at okhttp3.internal.connection.RealCall.getResponseWithInterceptorChain$okhttp(RealCall.kt:201)
	... 4 more
Error reading event
java.net.SocketTimeoutException: timeout
[otel.javaagent 2025-08-12 00:30:37:290 -0400] [OkHttp https://xtc47953.live.dynatrace.com/...] ERROR io.opentelemetry.exporter.internal.http.HttpExporter - Failed to export metrics. The request could not be executed. Full error message: timeout
java.io.InterruptedIOException: timeout
	at okhttp3.internal.connection.RealCall.timeoutExit(RealCall.kt:398)
	at okhttp3.internal.connection.RealCall.callDone(RealCall.kt:360)
	at okhttp3.internal.connection.RealCall.noMoreExchanges$okhttp(RealCall.kt:325)
	at okhttp3.internal.connection.RealCall.getResponseWithInterceptorChain$okhttp(RealCall.kt:209)
	at okhttp3.internal.connection.RealCall$AsyncCall.run(RealCall.kt:517)
	at java.base/java.util.concurrent.ThreadPoolExecutor.runWorker(ThreadPoolExecutor.java:1136)
	at java.base/java.util.concurrent.ThreadPoolExecutor$Worker.run(ThreadPoolExecutor.java:635)
	at java.base/java.lang.Thread.run(Thread.java:833)
Caused by: java.io.IOException: Canceled
	at okhttp3.internal.http.RetryAndFollowUpInterceptor.intercept(RetryAndFollowUpInterceptor.kt:72)
	at okhttp3.internal.http.RealInterceptorChain.proceed(RealInterceptorChain.kt:109)
	at io.opentelemetry.exporter.sender.okhttp.internal.RetryInterceptor.intercept(RetryInterceptor.java:96)
	at okhttp3.internal.http.RealInterceptorChain.proceed(RealInterceptorChain.kt:109)
	at okhttp3.internal.connection.RealCall.getResponseWithInterceptorChain$okhttp(RealCall.kt:201)
	... 4 more
2025-08-12T00:30:39.600-04:00  WARN 9417 --- [java-backend] [l-1 housekeeper] [                                                 ] com.zaxxer.hikari.pool.HikariPool        : HikariPool-1 - Thread starvation or clock leap detected (housekeeper delta=55m6s718ms).
2025-08-12T02:34:13.601-04:00  WARN 9417 --- [java-backend] [l-1 housekeeper] [                                                 ] com.zaxxer.hikari.pool.HikariPool        : HikariPool-1 - Thread starvation or clock leap detected (housekeeper delta=1h36m33s589ms).
[otel.javaagent 2025-08-12 02:34:40:822 -0400] [OkHttp https://xtc47953.live.dynatrace.com/...] ERROR io.opentelemetry.exporter.internal.http.HttpExporter - Failed to export metrics. The request could not be executed. Full error message: timeout
java.io.InterruptedIOException: timeout
	at okhttp3.internal.connection.RealCall.timeoutExit(RealCall.kt:398)
	at okhttp3.internal.connection.RealCall.callDone(RealCall.kt:360)
	at okhttp3.internal.connection.RealCall.noMoreExchanges$okhttp(RealCall.kt:325)
	at okhttp3.internal.connection.RealCall.getResponseWithInterceptorChain$okhttp(RealCall.kt:209)
	at okhttp3.internal.connection.RealCall$AsyncCall.run(RealCall.kt:517)
	at java.base/java.util.concurrent.ThreadPoolExecutor.runWorker(ThreadPoolExecutor.java:1136)
	at java.base/java.util.concurrent.ThreadPoolExecutor$Worker.run(ThreadPoolExecutor.java:635)
	at java.base/java.lang.Thread.run(Thread.java:833)
Caused by: java.io.IOException: Canceled
	at okhttp3.internal.http.RetryAndFollowUpInterceptor.intercept(RetryAndFollowUpInterceptor.kt:72)
	at okhttp3.internal.http.RealInterceptorChain.proceed(RealInterceptorChain.kt:109)
	at io.opentelemetry.exporter.sender.okhttp.internal.RetryInterceptor.intercept(RetryInterceptor.java:96)
	at okhttp3.internal.http.RealInterceptorChain.proceed(RealInterceptorChain.kt:109)
	at okhttp3.internal.connection.RealCall.getResponseWithInterceptorChain$okhttp(RealCall.kt:201)
	... 4 more
2025-08-12T04:26:47.385-04:00  WARN 9417 --- [java-backend] [l-1 housekeeper] [                                                 ] com.zaxxer.hikari.pool.HikariPool        : HikariPool-1 - Thread starvation or clock leap detected (housekeeper delta=57m3s3ms).
2025-08-12T06:03:50.100-04:00  WARN 9417 --- [java-backend] [l-1 housekeeper] [                                                 ] com.zaxxer.hikari.pool.HikariPool        : HikariPool-1 - Thread starvation or clock leap detected (housekeeper delta=1h37m2s718ms).
[otel.javaagent 2025-08-12 06:04:01:452 -0400] [OkHttp https://xtc47953.live.dynatrace.com/...] ERROR io.opentelemetry.exporter.internal.http.HttpExporter - Failed to export logs. The request could not be executed. Full error message: timeout
java.io.InterruptedIOException: timeout
	at okhttp3.internal.connection.RealCall.timeoutExit(RealCall.kt:398)
	at okhttp3.internal.connection.RealCall.callDone(RealCall.kt:360)
	at okhttp3.internal.connection.RealCall.noMoreExchanges$okhttp(RealCall.kt:325)
	at okhttp3.internal.connection.RealCall.getResponseWithInterceptorChain$okhttp(RealCall.kt:209)
	at okhttp3.internal.connection.RealCall$AsyncCall.run(RealCall.kt:517)
	at java.base/java.util.concurrent.ThreadPoolExecutor.runWorker(ThreadPoolExecutor.java:1136)
	at java.base/java.util.concurrent.ThreadPoolExecutor$Worker.run(ThreadPoolExecutor.java:635)
	at java.base/java.lang.Thread.run(Thread.java:833)
Caused by: java.io.IOException: Canceled
	at okhttp3.internal.http.RetryAndFollowUpInterceptor.intercept(RetryAndFollowUpInterceptor.kt:72)
	at okhttp3.internal.http.RealInterceptorChain.proceed(RealInterceptorChain.kt:109)
	at io.opentelemetry.exporter.sender.okhttp.internal.RetryInterceptor.intercept(RetryInterceptor.java:96)
	at okhttp3.internal.http.RealInterceptorChain.proceed(RealInterceptorChain.kt:109)
	at okhttp3.internal.connection.RealCall.getResponseWithInterceptorChain$okhttp(RealCall.kt:201)
	... 4 more
Error reading event
java.net.SocketTimeoutException: timeout
Error reading event
okhttp3.internal.http2.StreamResetException: stream was reset: INTERNAL_ERROR
2025-08-12T07:06:29.749-04:00  WARN 9417 --- [java-backend] [l-1 housekeeper] [                                                 ] com.zaxxer.hikari.pool.HikariPool        : HikariPool-1 - Thread starvation or clock leap detected (housekeeper delta=3m38s866ms).
Error reading event
okhttp3.internal.http2.StreamResetException: stream was reset: INTERNAL_ERROR
Error reading event
Stream closed by server
2025-08-12T09:27:20.811-04:00  WARN 9417 --- [java-backend] [l-1 housekeeper] [                                                 ] com.zaxxer.hikari.pool.HikariPool        : HikariPool-1 - Thread starvation or clock leap detected (housekeeper delta=51m49s735ms).
[otel.javaagent 2025-08-12 09:28:15:417 -0400] [OkHttp https://xtc47953.live.dynatrace.com/...] ERROR io.opentelemetry.exporter.internal.http.HttpExporter - Failed to export metrics. The request could not be executed. Full error message: timeout
java.io.InterruptedIOException: timeout
	at okhttp3.internal.connection.RealCall.timeoutExit(RealCall.kt:398)
	at okhttp3.internal.connection.RealCall.callDone(RealCall.kt:360)
	at okhttp3.internal.connection.RealCall.noMoreExchanges$okhttp(RealCall.kt:325)
	at okhttp3.internal.connection.RealCall.getResponseWithInterceptorChain$okhttp(RealCall.kt:209)
	at okhttp3.internal.connection.RealCall$AsyncCall.run(RealCall.kt:517)
	at java.base/java.util.concurrent.ThreadPoolExecutor.runWorker(ThreadPoolExecutor.java:1136)
	at java.base/java.util.concurrent.ThreadPoolExecutor$Worker.run(ThreadPoolExecutor.java:635)
	at java.base/java.lang.Thread.run(Thread.java:833)
Caused by: java.io.IOException: Canceled
	at okhttp3.internal.http.RetryAndFollowUpInterceptor.intercept(RetryAndFollowUpInterceptor.kt:72)
	at okhttp3.internal.http.RealInterceptorChain.proceed(RealInterceptorChain.kt:109)
	at io.opentelemetry.exporter.sender.okhttp.internal.RetryInterceptor.intercept(RetryInterceptor.java:96)
	at okhttp3.internal.http.RealInterceptorChain.proceed(RealInterceptorChain.kt:109)
	at okhttp3.internal.connection.RealCall.getResponseWithInterceptorChain$okhttp(RealCall.kt:201)
	... 4 more
2025-08-12T09:55:06.645-04:00  WARN 9417 --- [java-backend] [l-1 housekeeper] [                                                 ] com.zaxxer.hikari.pool.HikariPool        : HikariPool-1 - Thread starvation or clock leap detected (housekeeper delta=8m15s386ms).
[otel.javaagent 2025-08-12 09:55:22:713 -0400] [OkHttp https://xtc47953.live.dynatrace.com/...] ERROR io.opentelemetry.exporter.internal.http.HttpExporter - Failed to export logs. The request could not be executed. Full error message: timeout
java.io.InterruptedIOException: timeout
	at okhttp3.internal.connection.RealCall.timeoutExit(RealCall.kt:398)
	at okhttp3.internal.connection.RealCall.callDone(RealCall.kt:360)
	at okhttp3.internal.connection.RealCall.noMoreExchanges$okhttp(RealCall.kt:325)
	at okhttp3.internal.connection.RealCall.getResponseWithInterceptorChain$okhttp(RealCall.kt:209)
	at okhttp3.internal.connection.RealCall$AsyncCall.run(RealCall.kt:517)
	at java.base/java.util.concurrent.ThreadPoolExecutor.runWorker(ThreadPoolExecutor.java:1136)
	at java.base/java.util.concurrent.ThreadPoolExecutor$Worker.run(ThreadPoolExecutor.java:635)
	at java.base/java.lang.Thread.run(Thread.java:833)
Caused by: java.io.IOException: Canceled
	at okhttp3.internal.http.RetryAndFollowUpInterceptor.intercept(RetryAndFollowUpInterceptor.kt:72)
	at okhttp3.internal.http.RealInterceptorChain.proceed(RealInterceptorChain.kt:109)
	at io.opentelemetry.exporter.sender.okhttp.internal.RetryInterceptor.intercept(RetryInterceptor.java:96)
	at okhttp3.internal.http.RealInterceptorChain.proceed(RealInterceptorChain.kt:109)
	at okhttp3.internal.connection.RealCall.getResponseWithInterceptorChain$okhttp(RealCall.kt:201)
	... 4 more
2025-08-12T09:59:13.358-04:00 DEBUG 9417 --- [java-backend] [nio-3002-exec-5] [4b36700876eaa468490b74cce518850b-5e6140308453cc4f] o.s.security.web.FilterChainProxy        : Securing POST /auth/login
2025-08-12T09:59:13.358-04:00 DEBUG 9417 --- [java-backend] [nio-3002-exec-4] [aadc1e364374efabe00db3a461cf1dcd-5d1bbfabf657e4a0] o.s.security.web.FilterChainProxy        : Securing POST /auth/login
2025-08-12T09:59:13.379-04:00 DEBUG 9417 --- [java-backend] [nio-3002-exec-4] [aadc1e364374efabe00db3a461cf1dcd-c90b6b8e0536ae66] o.s.s.w.a.AnonymousAuthenticationFilter  : Set SecurityContextHolder to anonymous SecurityContext
2025-08-12T09:59:13.379-04:00 DEBUG 9417 --- [java-backend] [nio-3002-exec-5] [4b36700876eaa468490b74cce518850b-c9654fd17cfd73e7] o.s.s.w.a.AnonymousAuthenticationFilter  : Set SecurityContextHolder to anonymous SecurityContext
2025-08-12T09:59:13.397-04:00 DEBUG 9417 --- [java-backend] [nio-3002-exec-5] [4b36700876eaa468490b74cce518850b-2d9583c3c0a07ca9] o.s.security.web.FilterChainProxy        : Secured POST /auth/login
2025-08-12T09:59:13.398-04:00 DEBUG 9417 --- [java-backend] [nio-3002-exec-4] [aadc1e364374efabe00db3a461cf1dcd-4c0fb20a35135b12] o.s.security.web.FilterChainProxy        : Secured POST /auth/login
2025-08-12T09:59:13.398-04:00 DEBUG 9417 --- [java-backend] [nio-3002-exec-5] [4b36700876eaa468490b74cce518850b-2d9583c3c0a07ca9] o.s.web.servlet.DispatcherServlet        : POST "/api/auth/login", parameters={}
2025-08-12T09:59:13.398-04:00 DEBUG 9417 --- [java-backend] [nio-3002-exec-4] [aadc1e364374efabe00db3a461cf1dcd-4c0fb20a35135b12] o.s.web.servlet.DispatcherServlet        : POST "/api/auth/login", parameters={}
2025-08-12T09:59:13.399-04:00 DEBUG 9417 --- [java-backend] [nio-3002-exec-4] [aadc1e364374efabe00db3a461cf1dcd-4c0fb20a35135b12] s.w.s.m.m.a.RequestMappingHandlerMapping : Mapped to com.shopper.controller.AuthController#login(LoginDto)
2025-08-12T09:59:13.399-04:00 DEBUG 9417 --- [java-backend] [nio-3002-exec-5] [4b36700876eaa468490b74cce518850b-2d9583c3c0a07ca9] s.w.s.m.m.a.RequestMappingHandlerMapping : Mapped to com.shopper.controller.AuthController#login(LoginDto)
2025-08-12T09:59:13.399-04:00  INFO 9417 --- [java-backend] [nio-3002-exec-5] [4b36700876eaa468490b74cce518850b-2d9583c3c0a07ca9] c.s.interceptor.LoggingInterceptor       : ðŸ”„ POST /api/auth/login [Anonymous] - Request started
2025-08-12T09:59:13.399-04:00  INFO 9417 --- [java-backend] [nio-3002-exec-4] [aadc1e364374efabe00db3a461cf1dcd-4c0fb20a35135b12] c.s.interceptor.LoggingInterceptor       : ðŸ”„ POST /api/auth/login [Anonymous] - Request started
2025-08-12T09:59:13.411-04:00 DEBUG 9417 --- [java-backend] [nio-3002-exec-5] [4b36700876eaa468490b74cce518850b-2d9583c3c0a07ca9] m.m.a.RequestResponseBodyMethodProcessor : Read "application/json;charset=UTF-8" to [LoginDto(username=user, password=password)]
2025-08-12T09:59:13.415-04:00 DEBUG 9417 --- [java-backend] [nio-3002-exec-4] [aadc1e364374efabe00db3a461cf1dcd-4c0fb20a35135b12] m.m.a.RequestResponseBodyMethodProcessor : Read "application/json;charset=UTF-8" to [LoginDto(username=admin, password=password)]
2025-08-12T09:59:13.644-04:00 DEBUG 9417 --- [java-backend] [nio-3002-exec-5] [4b36700876eaa468490b74cce518850b-2d9583c3c0a07ca9] c.s.service.DualDatabaseStrategyImpl     : Secondary database not enabled, using primary for read operation
2025-08-12T09:59:13.651-04:00 DEBUG 9417 --- [java-backend] [nio-3002-exec-4] [aadc1e364374efabe00db3a461cf1dcd-4c0fb20a35135b12] c.s.service.DualDatabaseStrategyImpl     : Secondary database not enabled, using primary for read operation
2025-08-12T09:59:13.762-04:00 DEBUG 9417 --- [java-backend] [nio-3002-exec-5] [4b36700876eaa468490b74cce518850b-2d9583c3c0a07ca9] org.hibernate.SQL                        : select u1_0.id,u1_0.created_at,u1_0.email,u1_0.password,u1_0.role,u1_0.updated_at,u1_0.username from users u1_0 where u1_0.username=?
2025-08-12T09:59:13.762-04:00 DEBUG 9417 --- [java-backend] [nio-3002-exec-4] [aadc1e364374efabe00db3a461cf1dcd-4c0fb20a35135b12] org.hibernate.SQL                        : select u1_0.id,u1_0.created_at,u1_0.email,u1_0.password,u1_0.role,u1_0.updated_at,u1_0.username from users u1_0 where u1_0.username=?
2025-08-12T09:59:13.934-04:00 DEBUG 9417 --- [java-backend] [nio-3002-exec-4] [aadc1e364374efabe00db3a461cf1dcd-4c0fb20a35135b12] o.s.s.a.dao.DaoAuthenticationProvider    : Authenticated user
2025-08-12T09:59:13.934-04:00 DEBUG 9417 --- [java-backend] [nio-3002-exec-5] [4b36700876eaa468490b74cce518850b-2d9583c3c0a07ca9] o.s.s.a.dao.DaoAuthenticationProvider    : Authenticated user
2025-08-12T09:59:13.951-04:00 DEBUG 9417 --- [java-backend] [nio-3002-exec-4] [aadc1e364374efabe00db3a461cf1dcd-4c0fb20a35135b12] c.s.service.DualDatabaseStrategyImpl     : Secondary database not enabled, using primary for read operation
2025-08-12T09:59:13.951-04:00 DEBUG 9417 --- [java-backend] [nio-3002-exec-5] [4b36700876eaa468490b74cce518850b-2d9583c3c0a07ca9] c.s.service.DualDatabaseStrategyImpl     : Secondary database not enabled, using primary for read operation
2025-08-12T09:59:13.967-04:00 DEBUG 9417 --- [java-backend] [nio-3002-exec-4] [aadc1e364374efabe00db3a461cf1dcd-4c0fb20a35135b12] org.hibernate.SQL                        : select u1_0.id,u1_0.created_at,u1_0.email,u1_0.password,u1_0.role,u1_0.updated_at,u1_0.username from users u1_0 where u1_0.username=?
2025-08-12T09:59:13.968-04:00 DEBUG 9417 --- [java-backend] [nio-3002-exec-5] [4b36700876eaa468490b74cce518850b-2d9583c3c0a07ca9] org.hibernate.SQL                        : select u1_0.id,u1_0.created_at,u1_0.email,u1_0.password,u1_0.role,u1_0.updated_at,u1_0.username from users u1_0 where u1_0.username=?
2025-08-12T09:59:13.976-04:00 DEBUG 9417 --- [java-backend] [nio-3002-exec-4] [aadc1e364374efabe00db3a461cf1dcd-4c0fb20a35135b12] c.s.service.DualDatabaseStrategyImpl     : Secondary database not enabled, using primary for read operation
2025-08-12T09:59:13.976-04:00 DEBUG 9417 --- [java-backend] [nio-3002-exec-5] [4b36700876eaa468490b74cce518850b-2d9583c3c0a07ca9] c.s.service.DualDatabaseStrategyImpl     : Secondary database not enabled, using primary for read operation
2025-08-12T09:59:13.979-04:00 DEBUG 9417 --- [java-backend] [nio-3002-exec-4] [aadc1e364374efabe00db3a461cf1dcd-4c0fb20a35135b12] org.hibernate.SQL                        : select u1_0.id,u1_0.created_at,u1_0.email,u1_0.password,u1_0.role,u1_0.updated_at,u1_0.username from users u1_0 where u1_0.username=?
2025-08-12T09:59:13.979-04:00 DEBUG 9417 --- [java-backend] [nio-3002-exec-5] [4b36700876eaa468490b74cce518850b-2d9583c3c0a07ca9] org.hibernate.SQL                        : select u1_0.id,u1_0.created_at,u1_0.email,u1_0.password,u1_0.role,u1_0.updated_at,u1_0.username from users u1_0 where u1_0.username=?
2025-08-12T09:59:14.239-04:00 DEBUG 9417 --- [java-backend] [nio-3002-exec-5] [4b36700876eaa468490b74cce518850b-2d9583c3c0a07ca9] o.s.w.s.m.m.a.HttpEntityMethodProcessor  : Using 'application/json', given [*/*] and supported [application/json, application/*+json]
2025-08-12T09:59:14.239-04:00 DEBUG 9417 --- [java-backend] [nio-3002-exec-4] [aadc1e364374efabe00db3a461cf1dcd-4c0fb20a35135b12] o.s.w.s.m.m.a.HttpEntityMethodProcessor  : Using 'application/json', given [*/*] and supported [application/json, application/*+json]
2025-08-12T09:59:14.260-04:00 DEBUG 9417 --- [java-backend] [nio-3002-exec-4] [aadc1e364374efabe00db3a461cf1dcd-4c0fb20a35135b12] o.s.w.s.m.m.a.HttpEntityMethodProcessor  : Writing [AuthResponseDto(token=eyJhbGciOiJIUzI1NiJ9.eyJzdWIiOiJhZG1pbiIsImlhdCI6MTc1NTAwNzE1NCwiZXhwIjoxNzU1M (truncated)...]
2025-08-12T09:59:14.260-04:00 DEBUG 9417 --- [java-backend] [nio-3002-exec-5] [4b36700876eaa468490b74cce518850b-2d9583c3c0a07ca9] o.s.w.s.m.m.a.HttpEntityMethodProcessor  : Writing [AuthResponseDto(token=eyJhbGciOiJIUzI1NiJ9.eyJzdWIiOiJ1c2VyIiwiaWF0IjoxNzU1MDA3MTU0LCJleHAiOjE3NTUwO (truncated)...]
2025-08-12T09:59:14.353-04:00  INFO 9417 --- [java-backend] [nio-3002-exec-5] [4b36700876eaa468490b74cce518850b-2d9583c3c0a07ca9] c.s.interceptor.LoggingInterceptor       : âœ… POST /api/auth/login [Anonymous] - 200 (954ms)
2025-08-12T09:59:14.353-04:00  INFO 9417 --- [java-backend] [nio-3002-exec-4] [aadc1e364374efabe00db3a461cf1dcd-4c0fb20a35135b12] c.s.interceptor.LoggingInterceptor       : âœ… POST /api/auth/login [Anonymous] - 200 (954ms)
2025-08-12T09:59:14.354-04:00 DEBUG 9417 --- [java-backend] [nio-3002-exec-4] [aadc1e364374efabe00db3a461cf1dcd-4c0fb20a35135b12] o.s.web.servlet.DispatcherServlet        : Completed 200 OK
2025-08-12T09:59:14.354-04:00 DEBUG 9417 --- [java-backend] [nio-3002-exec-5] [4b36700876eaa468490b74cce518850b-2d9583c3c0a07ca9] o.s.web.servlet.DispatcherServlet        : Completed 200 OK
2025-08-12T09:59:14.377-04:00 DEBUG 9417 --- [java-backend] [nio-3002-exec-6] [80543c6d6f5349e92893ffb1d0773c84-1fb485722e364bcd] o.s.security.web.FilterChainProxy        : Securing GET /products
2025-08-12T09:59:14.431-04:00  INFO 9417 --- [java-backend] [nio-3002-exec-6] [80543c6d6f5349e92893ffb1d0773c84-39726e2644df21fa] c.s.security.JwtAuthenticationFilter     : JWT token extracted, username: user
2025-08-12T09:59:14.431-04:00  INFO 9417 --- [java-backend] [nio-3002-exec-6] [80543c6d6f5349e92893ffb1d0773c84-39726e2644df21fa] c.s.security.JwtAuthenticationFilter     : Loading user details for username: user
2025-08-12T09:59:14.431-04:00 DEBUG 9417 --- [java-backend] [nio-3002-exec-6] [80543c6d6f5349e92893ffb1d0773c84-39726e2644df21fa] c.s.service.DualDatabaseStrategyImpl     : Secondary database not enabled, using primary for read operation
2025-08-12T09:59:14.465-04:00 DEBUG 9417 --- [java-backend] [nio-3002-exec-6] [80543c6d6f5349e92893ffb1d0773c84-39726e2644df21fa] org.hibernate.SQL                        : select u1_0.id,u1_0.created_at,u1_0.email,u1_0.password,u1_0.role,u1_0.updated_at,u1_0.username from users u1_0 where u1_0.username=?
2025-08-12T09:59:14.474-04:00  INFO 9417 --- [java-backend] [nio-3002-exec-6] [80543c6d6f5349e92893ffb1d0773c84-39726e2644df21fa] c.s.security.JwtAuthenticationFilter     : User details loaded successfully for: user
2025-08-12T09:59:14.476-04:00  INFO 9417 --- [java-backend] [nio-3002-exec-6] [80543c6d6f5349e92893ffb1d0773c84-39726e2644df21fa] c.s.security.JwtAuthenticationFilter     : JWT token validation successful for user: user
2025-08-12T09:59:14.477-04:00  INFO 9417 --- [java-backend] [nio-3002-exec-6] [80543c6d6f5349e92893ffb1d0773c84-39726e2644df21fa] c.s.security.JwtAuthenticationFilter     : Authentication set in SecurityContext for user: user
2025-08-12T09:59:14.485-04:00 DEBUG 9417 --- [java-backend] [nio-3002-exec-6] [80543c6d6f5349e92893ffb1d0773c84-105b904a8d1ba276] o.s.security.web.FilterChainProxy        : Secured GET /products
2025-08-12T09:59:14.486-04:00 DEBUG 9417 --- [java-backend] [nio-3002-exec-6] [80543c6d6f5349e92893ffb1d0773c84-105b904a8d1ba276] o.s.web.servlet.DispatcherServlet        : GET "/api/products", parameters={}
2025-08-12T09:59:14.489-04:00 DEBUG 9417 --- [java-backend] [nio-3002-exec-6] [80543c6d6f5349e92893ffb1d0773c84-105b904a8d1ba276] s.w.s.m.m.a.RequestMappingHandlerMapping : Mapped to com.shopper.controller.ProductController#getAllProducts()
2025-08-12T09:59:14.490-04:00  INFO 9417 --- [java-backend] [nio-3002-exec-6] [80543c6d6f5349e92893ffb1d0773c84-105b904a8d1ba276] c.s.interceptor.LoggingInterceptor       : ðŸ”„ GET /api/products [User: user] - Request started
2025-08-12T09:59:16.570-04:00 DEBUG 9417 --- [java-backend] [nio-3002-exec-7] [2a4524a1e773d9b1ab8243d2680d0072-33e054c927166f4e] o.s.security.web.FilterChainProxy        : Securing GET /products
2025-08-12T09:59:16.577-04:00  INFO 9417 --- [java-backend] [nio-3002-exec-7] [2a4524a1e773d9b1ab8243d2680d0072-a23ebd56b98868d5] c.s.security.JwtAuthenticationFilter     : JWT token extracted, username: admin
2025-08-12T09:59:16.577-04:00  INFO 9417 --- [java-backend] [nio-3002-exec-7] [2a4524a1e773d9b1ab8243d2680d0072-a23ebd56b98868d5] c.s.security.JwtAuthenticationFilter     : Loading user details for username: admin
2025-08-12T09:59:16.577-04:00 DEBUG 9417 --- [java-backend] [nio-3002-exec-7] [2a4524a1e773d9b1ab8243d2680d0072-a23ebd56b98868d5] c.s.service.DualDatabaseStrategyImpl     : Secondary database not enabled, using primary for read operation
2025-08-12T09:59:16.579-04:00 DEBUG 9417 --- [java-backend] [nio-3002-exec-7] [2a4524a1e773d9b1ab8243d2680d0072-a23ebd56b98868d5] org.hibernate.SQL                        : select u1_0.id,u1_0.created_at,u1_0.email,u1_0.password,u1_0.role,u1_0.updated_at,u1_0.username from users u1_0 where u1_0.username=?
2025-08-12T09:59:16.581-04:00  INFO 9417 --- [java-backend] [nio-3002-exec-7] [2a4524a1e773d9b1ab8243d2680d0072-a23ebd56b98868d5] c.s.security.JwtAuthenticationFilter     : User details loaded successfully for: admin
2025-08-12T09:59:16.582-04:00  INFO 9417 --- [java-backend] [nio-3002-exec-7] [2a4524a1e773d9b1ab8243d2680d0072-a23ebd56b98868d5] c.s.security.JwtAuthenticationFilter     : JWT token validation successful for user: admin
2025-08-12T09:59:16.582-04:00  INFO 9417 --- [java-backend] [nio-3002-exec-7] [2a4524a1e773d9b1ab8243d2680d0072-a23ebd56b98868d5] c.s.security.JwtAuthenticationFilter     : Authentication set in SecurityContext for user: admin
2025-08-12T09:59:16.587-04:00 DEBUG 9417 --- [java-backend] [nio-3002-exec-7] [2a4524a1e773d9b1ab8243d2680d0072-7a64f903244fee2c] o.s.security.web.FilterChainProxy        : Secured GET /products
2025-08-12T09:59:16.588-04:00 DEBUG 9417 --- [java-backend] [nio-3002-exec-7] [2a4524a1e773d9b1ab8243d2680d0072-7a64f903244fee2c] o.s.web.servlet.DispatcherServlet        : GET "/api/products", parameters={}
2025-08-12T09:59:16.589-04:00 DEBUG 9417 --- [java-backend] [nio-3002-exec-7] [2a4524a1e773d9b1ab8243d2680d0072-7a64f903244fee2c] s.w.s.m.m.a.RequestMappingHandlerMapping : Mapped to com.shopper.controller.ProductController#getAllProducts()
2025-08-12T09:59:16.589-04:00  INFO 9417 --- [java-backend] [nio-3002-exec-7] [2a4524a1e773d9b1ab8243d2680d0072-7a64f903244fee2c] c.s.interceptor.LoggingInterceptor       : ðŸ”„ GET /api/products [User: admin] - Request started
2025-08-12T09:59:19.503-04:00 DEBUG 9417 --- [java-backend] [nio-3002-exec-6] [80543c6d6f5349e92893ffb1d0773c84-105b904a8d1ba276] c.shopper.config.DynatraceOtelLogHook    : Feature flag evaluation span started for key: new-flow
2025-08-12T09:59:19.504-04:00 DEBUG 9417 --- [java-backend] [nio-3002-exec-6] [80543c6d6f5349e92893ffb1d0773c84-105b904a8d1ba276] c.shopper.config.DynatraceOtelLogHook    : Completing feature flag evaluation span for key: new-flow
2025-08-12T09:59:19.504-04:00  WARN 9417 --- [java-backend] [nio-3002-exec-6] [80543c6d6f5349e92893ffb1d0773c84-105b904a8d1ba276] c.shopper.config.DynatraceOtelLogHook    : variableMetadata: null
2025-08-12T09:59:19.504-04:00 DEBUG 9417 --- [java-backend] [nio-3002-exec-6] [80543c6d6f5349e92893ffb1d0773c84-105b904a8d1ba276] c.shopper.config.DynatraceOtelLogHook    : Feature flag span completed: new-flow = false
2025-08-12T09:59:19.504-04:00 DEBUG 9417 --- [java-backend] [nio-3002-exec-6] [80543c6d6f5349e92893ffb1d0773c84-105b904a8d1ba276] c.shopper.config.DynatraceOtelLogHook    : Feature flag span ended for key: new-flow
2025-08-12T09:59:19.504-04:00 DEBUG 9417 --- [java-backend] [nio-3002-exec-6] [80543c6d6f5349e92893ffb1d0773c84-105b904a8d1ba276] com.shopper.service.FeatureFlagService   : ðŸŽ›ï¸ Feature flag 'new-flow' evaluated to: false for user: user
2025-08-12T09:59:19.504-04:00 DEBUG 9417 --- [java-backend] [nio-3002-exec-6] [80543c6d6f5349e92893ffb1d0773c84-105b904a8d1ba276] c.s.service.DualDatabaseStrategyImpl     : Secondary database not enabled, using primary for read operation
2025-08-12T09:59:19.511-04:00 DEBUG 9417 --- [java-backend] [nio-3002-exec-6] [80543c6d6f5349e92893ffb1d0773c84-105b904a8d1ba276] org.hibernate.SQL                        : select p1_0.id,p1_0.category,p1_0.created_at,p1_0.description,p1_0.image_url,p1_0.name,p1_0.price,p1_0.stock_quantity,p1_0.updated_at from products p1_0
2025-08-12T09:59:19.557-04:00 DEBUG 9417 --- [java-backend] [nio-3002-exec-6] [80543c6d6f5349e92893ffb1d0773c84-105b904a8d1ba276] o.s.w.s.m.m.a.HttpEntityMethodProcessor  : Using 'application/json', given [*/*] and supported [application/json, application/*+json]
2025-08-12T09:59:19.561-04:00 DEBUG 9417 --- [java-backend] [nio-3002-exec-6] [80543c6d6f5349e92893ffb1d0773c84-105b904a8d1ba276] o.s.w.s.m.m.a.HttpEntityMethodProcessor  : Writing [[Product(id=65336362-3637-3733-2d33-3135312d3463, name=Wireless Bluetooth Headphones, description=Hi (truncated)...]
2025-08-12T09:59:19.571-04:00  INFO 9417 --- [java-backend] [nio-3002-exec-6] [80543c6d6f5349e92893ffb1d0773c84-105b904a8d1ba276] c.s.interceptor.LoggingInterceptor       : âœ… GET /api/products [User: user] - 200 (5081ms)
2025-08-12T09:59:19.572-04:00 DEBUG 9417 --- [java-backend] [nio-3002-exec-6] [80543c6d6f5349e92893ffb1d0773c84-105b904a8d1ba276] o.s.web.servlet.DispatcherServlet        : Completed 200 OK
2025-08-12T09:59:20.575-04:00 DEBUG 9417 --- [java-backend] [nio-3002-exec-8] [ee7c561720d3ebc3609326edb872688b-a625874f95f632a3] o.s.security.web.FilterChainProxy        : Securing GET /products
2025-08-12T09:59:20.580-04:00  INFO 9417 --- [java-backend] [nio-3002-exec-8] [ee7c561720d3ebc3609326edb872688b-2bf69f61d52bc9aa] c.s.security.JwtAuthenticationFilter     : JWT token extracted, username: user
2025-08-12T09:59:20.580-04:00  INFO 9417 --- [java-backend] [nio-3002-exec-8] [ee7c561720d3ebc3609326edb872688b-2bf69f61d52bc9aa] c.s.security.JwtAuthenticationFilter     : Loading user details for username: user
2025-08-12T09:59:20.580-04:00 DEBUG 9417 --- [java-backend] [nio-3002-exec-8] [ee7c561720d3ebc3609326edb872688b-2bf69f61d52bc9aa] c.s.service.DualDatabaseStrategyImpl     : Secondary database not enabled, using primary for read operation
2025-08-12T09:59:20.583-04:00 DEBUG 9417 --- [java-backend] [nio-3002-exec-8] [ee7c561720d3ebc3609326edb872688b-2bf69f61d52bc9aa] org.hibernate.SQL                        : select u1_0.id,u1_0.created_at,u1_0.email,u1_0.password,u1_0.role,u1_0.updated_at,u1_0.username from users u1_0 where u1_0.username=?
2025-08-12T09:59:20.585-04:00  INFO 9417 --- [java-backend] [nio-3002-exec-8] [ee7c561720d3ebc3609326edb872688b-2bf69f61d52bc9aa] c.s.security.JwtAuthenticationFilter     : User details loaded successfully for: user
2025-08-12T09:59:20.586-04:00  INFO 9417 --- [java-backend] [nio-3002-exec-8] [ee7c561720d3ebc3609326edb872688b-2bf69f61d52bc9aa] c.s.security.JwtAuthenticationFilter     : JWT token validation successful for user: user
2025-08-12T09:59:20.587-04:00  INFO 9417 --- [java-backend] [nio-3002-exec-8] [ee7c561720d3ebc3609326edb872688b-2bf69f61d52bc9aa] c.s.security.JwtAuthenticationFilter     : Authentication set in SecurityContext for user: user
2025-08-12T09:59:20.591-04:00 DEBUG 9417 --- [java-backend] [nio-3002-exec-8] [ee7c561720d3ebc3609326edb872688b-ea8a348813229442] o.s.security.web.FilterChainProxy        : Secured GET /products
2025-08-12T09:59:20.592-04:00 DEBUG 9417 --- [java-backend] [nio-3002-exec-8] [ee7c561720d3ebc3609326edb872688b-ea8a348813229442] o.s.web.servlet.DispatcherServlet        : GET "/api/products", parameters={}
2025-08-12T09:59:20.596-04:00 DEBUG 9417 --- [java-backend] [nio-3002-exec-8] [ee7c561720d3ebc3609326edb872688b-ea8a348813229442] s.w.s.m.m.a.RequestMappingHandlerMapping : Mapped to com.shopper.controller.ProductController#getAllProducts()
2025-08-12T09:59:20.596-04:00  INFO 9417 --- [java-backend] [nio-3002-exec-8] [ee7c561720d3ebc3609326edb872688b-ea8a348813229442] c.s.interceptor.LoggingInterceptor       : ðŸ”„ GET /api/products [User: user] - Request started
2025-08-12T09:59:20.598-04:00 DEBUG 9417 --- [java-backend] [nio-3002-exec-8] [ee7c561720d3ebc3609326edb872688b-ea8a348813229442] c.shopper.config.DynatraceOtelLogHook    : Feature flag evaluation span started for key: new-flow
2025-08-12T09:59:20.598-04:00 DEBUG 9417 --- [java-backend] [nio-3002-exec-8] [ee7c561720d3ebc3609326edb872688b-ea8a348813229442] c.shopper.config.DynatraceOtelLogHook    : Completing feature flag evaluation span for key: new-flow
2025-08-12T09:59:20.598-04:00  WARN 9417 --- [java-backend] [nio-3002-exec-8] [ee7c561720d3ebc3609326edb872688b-ea8a348813229442] c.shopper.config.DynatraceOtelLogHook    : variableMetadata: null
2025-08-12T09:59:20.598-04:00 DEBUG 9417 --- [java-backend] [nio-3002-exec-8] [ee7c561720d3ebc3609326edb872688b-ea8a348813229442] c.shopper.config.DynatraceOtelLogHook    : Feature flag span completed: new-flow = false
2025-08-12T09:59:20.598-04:00 DEBUG 9417 --- [java-backend] [nio-3002-exec-8] [ee7c561720d3ebc3609326edb872688b-ea8a348813229442] c.shopper.config.DynatraceOtelLogHook    : Feature flag span ended for key: new-flow
2025-08-12T09:59:20.598-04:00 DEBUG 9417 --- [java-backend] [nio-3002-exec-8] [ee7c561720d3ebc3609326edb872688b-ea8a348813229442] com.shopper.service.FeatureFlagService   : ðŸŽ›ï¸ Feature flag 'new-flow' evaluated to: false for user: user
2025-08-12T09:59:20.599-04:00 DEBUG 9417 --- [java-backend] [nio-3002-exec-8] [ee7c561720d3ebc3609326edb872688b-ea8a348813229442] c.s.service.DualDatabaseStrategyImpl     : Secondary database not enabled, using primary for read operation
2025-08-12T09:59:20.601-04:00 DEBUG 9417 --- [java-backend] [nio-3002-exec-8] [ee7c561720d3ebc3609326edb872688b-ea8a348813229442] org.hibernate.SQL                        : select p1_0.id,p1_0.category,p1_0.created_at,p1_0.description,p1_0.image_url,p1_0.name,p1_0.price,p1_0.stock_quantity,p1_0.updated_at from products p1_0
2025-08-12T09:59:20.617-04:00 DEBUG 9417 --- [java-backend] [nio-3002-exec-8] [ee7c561720d3ebc3609326edb872688b-ea8a348813229442] o.s.w.s.m.m.a.HttpEntityMethodProcessor  : Using 'application/json', given [*/*] and supported [application/json, application/*+json]
2025-08-12T09:59:20.619-04:00 DEBUG 9417 --- [java-backend] [nio-3002-exec-8] [ee7c561720d3ebc3609326edb872688b-ea8a348813229442] o.s.w.s.m.m.a.HttpEntityMethodProcessor  : Writing [[Product(id=65336362-3637-3733-2d33-3135312d3463, name=Wireless Bluetooth Headphones, description=Hi (truncated)...]
2025-08-12T09:59:20.624-04:00  INFO 9417 --- [java-backend] [nio-3002-exec-8] [ee7c561720d3ebc3609326edb872688b-ea8a348813229442] c.s.interceptor.LoggingInterceptor       : âœ… GET /api/products [User: user] - 200 (28ms)
2025-08-12T09:59:20.624-04:00 DEBUG 9417 --- [java-backend] [nio-3002-exec-8] [ee7c561720d3ebc3609326edb872688b-ea8a348813229442] o.s.web.servlet.DispatcherServlet        : Completed 200 OK
2025-08-12T09:59:21.595-04:00 DEBUG 9417 --- [java-backend] [nio-3002-exec-7] [2a4524a1e773d9b1ab8243d2680d0072-7a64f903244fee2c] c.shopper.config.DynatraceOtelLogHook    : Feature flag evaluation span started for key: new-flow
2025-08-12T09:59:21.596-04:00 DEBUG 9417 --- [java-backend] [nio-3002-exec-7] [2a4524a1e773d9b1ab8243d2680d0072-7a64f903244fee2c] c.shopper.config.DynatraceOtelLogHook    : Completing feature flag evaluation span for key: new-flow
2025-08-12T09:59:21.596-04:00  WARN 9417 --- [java-backend] [nio-3002-exec-7] [2a4524a1e773d9b1ab8243d2680d0072-7a64f903244fee2c] c.shopper.config.DynatraceOtelLogHook    : variableMetadata: null
2025-08-12T09:59:21.596-04:00 DEBUG 9417 --- [java-backend] [nio-3002-exec-7] [2a4524a1e773d9b1ab8243d2680d0072-7a64f903244fee2c] c.shopper.config.DynatraceOtelLogHook    : Feature flag span completed: new-flow = false
2025-08-12T09:59:21.597-04:00 DEBUG 9417 --- [java-backend] [nio-3002-exec-7] [2a4524a1e773d9b1ab8243d2680d0072-7a64f903244fee2c] c.shopper.config.DynatraceOtelLogHook    : Feature flag span ended for key: new-flow
2025-08-12T09:59:21.597-04:00 DEBUG 9417 --- [java-backend] [nio-3002-exec-7] [2a4524a1e773d9b1ab8243d2680d0072-7a64f903244fee2c] com.shopper.service.FeatureFlagService   : ðŸŽ›ï¸ Feature flag 'new-flow' evaluated to: false for user: admin
2025-08-12T09:59:21.597-04:00 DEBUG 9417 --- [java-backend] [nio-3002-exec-7] [2a4524a1e773d9b1ab8243d2680d0072-7a64f903244fee2c] c.s.service.DualDatabaseStrategyImpl     : Secondary database not enabled, using primary for read operation
2025-08-12T09:59:21.602-04:00 DEBUG 9417 --- [java-backend] [nio-3002-exec-7] [2a4524a1e773d9b1ab8243d2680d0072-7a64f903244fee2c] org.hibernate.SQL                        : select p1_0.id,p1_0.category,p1_0.created_at,p1_0.description,p1_0.image_url,p1_0.name,p1_0.price,p1_0.stock_quantity,p1_0.updated_at from products p1_0
2025-08-12T09:59:21.630-04:00 DEBUG 9417 --- [java-backend] [nio-3002-exec-7] [2a4524a1e773d9b1ab8243d2680d0072-7a64f903244fee2c] o.s.w.s.m.m.a.HttpEntityMethodProcessor  : Using 'application/json', given [*/*] and supported [application/json, application/*+json]
2025-08-12T09:59:21.633-04:00 DEBUG 9417 --- [java-backend] [nio-3002-exec-7] [2a4524a1e773d9b1ab8243d2680d0072-7a64f903244fee2c] o.s.w.s.m.m.a.HttpEntityMethodProcessor  : Writing [[Product(id=65336362-3637-3733-2d33-3135312d3463, name=Wireless Bluetooth Headphones, description=Hi (truncated)...]
2025-08-12T09:59:21.640-04:00  INFO 9417 --- [java-backend] [nio-3002-exec-7] [2a4524a1e773d9b1ab8243d2680d0072-7a64f903244fee2c] c.s.interceptor.LoggingInterceptor       : âœ… GET /api/products [User: admin] - 200 (5051ms)
2025-08-12T09:59:21.640-04:00 DEBUG 9417 --- [java-backend] [nio-3002-exec-7] [2a4524a1e773d9b1ab8243d2680d0072-7a64f903244fee2c] o.s.web.servlet.DispatcherServlet        : Completed 200 OK
2025-08-12T09:59:21.956-04:00 DEBUG 9417 --- [java-backend] [nio-3002-exec-9] [18a0be05be65bc682c03a4105280e20b-a5d6af806c2f820f] o.s.security.web.FilterChainProxy        : Securing GET /products
2025-08-12T09:59:21.959-04:00  INFO 9417 --- [java-backend] [nio-3002-exec-9] [18a0be05be65bc682c03a4105280e20b-a55bebd2c30397fb] c.s.security.JwtAuthenticationFilter     : JWT token extracted, username: user
2025-08-12T09:59:21.959-04:00  INFO 9417 --- [java-backend] [nio-3002-exec-9] [18a0be05be65bc682c03a4105280e20b-a55bebd2c30397fb] c.s.security.JwtAuthenticationFilter     : Loading user details for username: user
2025-08-12T09:59:21.959-04:00 DEBUG 9417 --- [java-backend] [nio-3002-exec-9] [18a0be05be65bc682c03a4105280e20b-a55bebd2c30397fb] c.s.service.DualDatabaseStrategyImpl     : Secondary database not enabled, using primary for read operation
2025-08-12T09:59:21.965-04:00 DEBUG 9417 --- [java-backend] [nio-3002-exec-9] [18a0be05be65bc682c03a4105280e20b-a55bebd2c30397fb] org.hibernate.SQL                        : select u1_0.id,u1_0.created_at,u1_0.email,u1_0.password,u1_0.role,u1_0.updated_at,u1_0.username from users u1_0 where u1_0.username=?
2025-08-12T09:59:21.966-04:00  INFO 9417 --- [java-backend] [nio-3002-exec-9] [18a0be05be65bc682c03a4105280e20b-a55bebd2c30397fb] c.s.security.JwtAuthenticationFilter     : User details loaded successfully for: user
2025-08-12T09:59:21.967-04:00  INFO 9417 --- [java-backend] [nio-3002-exec-9] [18a0be05be65bc682c03a4105280e20b-a55bebd2c30397fb] c.s.security.JwtAuthenticationFilter     : JWT token validation successful for user: user
2025-08-12T09:59:21.967-04:00  INFO 9417 --- [java-backend] [nio-3002-exec-9] [18a0be05be65bc682c03a4105280e20b-a55bebd2c30397fb] c.s.security.JwtAuthenticationFilter     : Authentication set in SecurityContext for user: user
2025-08-12T09:59:21.972-04:00 DEBUG 9417 --- [java-backend] [nio-3002-exec-9] [18a0be05be65bc682c03a4105280e20b-7594f0e6ee9acd4d] o.s.security.web.FilterChainProxy        : Secured GET /products
2025-08-12T09:59:21.972-04:00 DEBUG 9417 --- [java-backend] [nio-3002-exec-9] [18a0be05be65bc682c03a4105280e20b-7594f0e6ee9acd4d] o.s.web.servlet.DispatcherServlet        : GET "/api/products", parameters={}
2025-08-12T09:59:21.976-04:00 DEBUG 9417 --- [java-backend] [nio-3002-exec-9] [18a0be05be65bc682c03a4105280e20b-7594f0e6ee9acd4d] s.w.s.m.m.a.RequestMappingHandlerMapping : Mapped to com.shopper.controller.ProductController#getAllProducts()
2025-08-12T09:59:21.976-04:00  INFO 9417 --- [java-backend] [nio-3002-exec-9] [18a0be05be65bc682c03a4105280e20b-7594f0e6ee9acd4d] c.s.interceptor.LoggingInterceptor       : ðŸ”„ GET /api/products [User: user] - Request started
2025-08-12T09:59:21.978-04:00 DEBUG 9417 --- [java-backend] [nio-3002-exec-9] [18a0be05be65bc682c03a4105280e20b-7594f0e6ee9acd4d] c.shopper.config.DynatraceOtelLogHook    : Feature flag evaluation span started for key: new-flow
2025-08-12T09:59:21.978-04:00 DEBUG 9417 --- [java-backend] [nio-3002-exec-9] [18a0be05be65bc682c03a4105280e20b-7594f0e6ee9acd4d] c.shopper.config.DynatraceOtelLogHook    : Completing feature flag evaluation span for key: new-flow
2025-08-12T09:59:21.978-04:00  WARN 9417 --- [java-backend] [nio-3002-exec-9] [18a0be05be65bc682c03a4105280e20b-7594f0e6ee9acd4d] c.shopper.config.DynatraceOtelLogHook    : variableMetadata: null
2025-08-12T09:59:21.978-04:00 DEBUG 9417 --- [java-backend] [nio-3002-exec-9] [18a0be05be65bc682c03a4105280e20b-7594f0e6ee9acd4d] c.shopper.config.DynatraceOtelLogHook    : Feature flag span completed: new-flow = false
2025-08-12T09:59:21.978-04:00 DEBUG 9417 --- [java-backend] [nio-3002-exec-9] [18a0be05be65bc682c03a4105280e20b-7594f0e6ee9acd4d] c.shopper.config.DynatraceOtelLogHook    : Feature flag span ended for key: new-flow
2025-08-12T09:59:21.978-04:00 DEBUG 9417 --- [java-backend] [nio-3002-exec-9] [18a0be05be65bc682c03a4105280e20b-7594f0e6ee9acd4d] com.shopper.service.FeatureFlagService   : ðŸŽ›ï¸ Feature flag 'new-flow' evaluated to: false for user: user
2025-08-12T09:59:21.978-04:00 DEBUG 9417 --- [java-backend] [nio-3002-exec-9] [18a0be05be65bc682c03a4105280e20b-7594f0e6ee9acd4d] c.s.service.DualDatabaseStrategyImpl     : Secondary database not enabled, using primary for read operation
2025-08-12T09:59:21.981-04:00 DEBUG 9417 --- [java-backend] [nio-3002-exec-9] [18a0be05be65bc682c03a4105280e20b-7594f0e6ee9acd4d] org.hibernate.SQL                        : select p1_0.id,p1_0.category,p1_0.created_at,p1_0.description,p1_0.image_url,p1_0.name,p1_0.price,p1_0.stock_quantity,p1_0.updated_at from products p1_0
2025-08-12T09:59:22.003-04:00 DEBUG 9417 --- [java-backend] [nio-3002-exec-9] [18a0be05be65bc682c03a4105280e20b-7594f0e6ee9acd4d] o.s.w.s.m.m.a.HttpEntityMethodProcessor  : Using 'application/json', given [*/*] and supported [application/json, application/*+json]
2025-08-12T09:59:22.100-04:00 DEBUG 9417 --- [java-backend] [nio-3002-exec-9] [18a0be05be65bc682c03a4105280e20b-7594f0e6ee9acd4d] o.s.w.s.m.m.a.HttpEntityMethodProcessor  : Writing [[Product(id=65336362-3637-3733-2d33-3135312d3463, name=Wireless Bluetooth Headphones, description=Hi (truncated)...]
2025-08-12T09:59:22.112-04:00  INFO 9417 --- [java-backend] [nio-3002-exec-9] [18a0be05be65bc682c03a4105280e20b-7594f0e6ee9acd4d] c.s.interceptor.LoggingInterceptor       : âœ… GET /api/products [User: user] - 200 (136ms)
2025-08-12T09:59:22.114-04:00 DEBUG 9417 --- [java-backend] [nio-3002-exec-9] [18a0be05be65bc682c03a4105280e20b-7594f0e6ee9acd4d] o.s.web.servlet.DispatcherServlet        : Completed 200 OK
Error reading event
Stream closed by client
2025-08-12T09:59:27.044-04:00  INFO 9417 --- [java-backend] [ionShutdownHook] [                                                 ] j.LocalContainerEntityManagerFactoryBean : Closing JPA EntityManagerFactory for persistence unit 'default'
2025-08-12T09:59:27.046-04:00  INFO 9417 --- [java-backend] [ionShutdownHook] [                                                 ] com.zaxxer.hikari.HikariDataSource       : HikariPool-1 - Shutdown initiated...
2025-08-12T09:59:27.052-04:00  INFO 9417 --- [java-backend] [ionShutdownHook] [                                                 ] com.zaxxer.hikari.HikariDataSource       : HikariPool-1 - Shutdown completed.
ðŸ›‘ Java Backend Server stopped.
