🚀 Starting Java Backend Server with OpenTelemetry...
📋 Loading environment variables from .env file...
📡 Using DYNATRACE OTLP endpoint: https://xtc47953.live.dynatrace.com/api/v2/otlp
🔧 Configuration:
  Port: 3002
  Environment: development
  Database: ./database.sqlite
  Frontend URL: http://localhost:3000
  OTLP Endpoint: https://xtc47953.live.dynatrace.com/api/v2/otlp

🔍 Checking dependencies...
✅ Starting with OpenTelemetry instrumentation...

💡 Running Maven with Spring Boot and OpenTelemetry agent...
[INFO] Scanning for projects...
[INFO] 
[INFO] ----------------------< com.shopper:java-backend >----------------------
[INFO] Building Java Backend 1.0.0
[INFO]   from pom.xml
[INFO] --------------------------------[ jar ]---------------------------------
[INFO] 
[INFO] --- clean:3.3.2:clean (default-clean) @ java-backend ---
[INFO] Deleting /Users/suthar/dev/shopper/backend/java-backend/target
[INFO] 
[INFO] >>> spring-boot:3.2.0:run (default-cli) > test-compile @ java-backend >>>
[INFO] 
[INFO] --- resources:3.3.1:resources (default-resources) @ java-backend ---
[INFO] Copying 4 resources from src/main/resources to target/classes
[INFO] Copying 1 resource from src/main/resources to target/classes
[INFO] 
[INFO] --- compiler:3.11.0:compile (default-compile) @ java-backend ---
[INFO] Changes detected - recompiling the module! :source
[INFO] Compiling 54 source files with javac [debug release 17] to target/classes
[INFO] 
[INFO] --- resources:3.3.1:testResources (default-testResources) @ java-backend ---
[INFO] Copying 1 resource from src/test/resources to target/test-classes
[INFO] 
[INFO] --- compiler:3.11.0:testCompile (default-testCompile) @ java-backend ---
[INFO] Changes detected - recompiling the module! :dependency
[INFO] Compiling 7 source files with javac [debug release 17] to target/test-classes
[INFO] 
[INFO] <<< spring-boot:3.2.0:run (default-cli) < test-compile @ java-backend <<<
[INFO] 
[INFO] 
[INFO] --- spring-boot:3.2.0:run (default-cli) @ java-backend ---
[INFO] Attaching agents: []
OpenJDK 64-Bit Server VM warning: Sharing is only supported for boot loader classes because bootstrap classpath has been appended
[otel.javaagent 2025-09-03 17:18:00:507 -0400] [main] INFO io.opentelemetry.javaagent.tooling.VersionLogger - opentelemetry-javaagent - version: 2.17.1

  .   ____          _            __ _ _
 /\\ / ___'_ __ _ _(_)_ __  __ _ \ \ \ \
( ( )\___ | '_ | '_| | '_ \/ _` | \ \ \ \
 \\/  ___)| |_)| | | | | || (_| |  ) ) ) )
  '  |____| .__|_| |_|_| |_\__, | / / / /
 =========|_|==============|___/=/_/_/_/
 :: Spring Boot ::                (v3.2.0)

2025-09-03T17:18:05.859-04:00  INFO 66755 --- [java-backend] [           main] [                                                 ] com.shopper.JavaBackendApplication       : Starting JavaBackendApplication using Java 18.0.2 with PID 66755 (/Users/suthar/dev/shopper/backend/java-backend/target/classes started by suthar in /Users/suthar/dev/shopper/backend/java-backend)
2025-09-03T17:18:05.875-04:00 DEBUG 66755 --- [java-backend] [           main] [                                                 ] com.shopper.JavaBackendApplication       : Running with Spring Boot v3.2.0, Spring v6.1.1
2025-09-03T17:18:05.876-04:00  INFO 66755 --- [java-backend] [           main] [                                                 ] com.shopper.JavaBackendApplication       : The following 1 profile is active: "development"
2025-09-03T17:18:07.508-04:00  INFO 66755 --- [java-backend] [           main] [                                                 ] .s.d.r.c.RepositoryConfigurationDelegate : Bootstrapping Spring Data JPA repositories in DEFAULT mode.
2025-09-03T17:18:07.579-04:00  INFO 66755 --- [java-backend] [           main] [                                                 ] .s.d.r.c.RepositoryConfigurationDelegate : Finished Spring Data repository scanning in 58 ms. Found 3 JPA repository interfaces.
2025-09-03T17:18:07.583-04:00  INFO 66755 --- [java-backend] [           main] [                                                 ] .s.d.r.c.RepositoryConfigurationDelegate : Bootstrapping Spring Data JPA repositories in DEFAULT mode.
2025-09-03T17:18:07.601-04:00  INFO 66755 --- [java-backend] [           main] [                                                 ] .s.d.r.c.RepositoryConfigurationDelegate : Finished Spring Data repository scanning in 17 ms. Found 2 JPA repository interfaces.
2025-09-03T17:18:09.742-04:00  INFO 66755 --- [java-backend] [           main] [                                                 ] o.s.b.w.embedded.tomcat.TomcatWebServer  : Tomcat initialized with port 3002 (http)
2025-09-03T17:18:09.853-04:00  INFO 66755 --- [java-backend] [           main] [                                                 ] o.apache.catalina.core.StandardService   : Starting service [Tomcat]
2025-09-03T17:18:09.856-04:00  INFO 66755 --- [java-backend] [           main] [                                                 ] o.apache.catalina.core.StandardEngine    : Starting Servlet engine: [Apache Tomcat/10.1.16]
2025-09-03T17:18:09.958-04:00  INFO 66755 --- [java-backend] [           main] [                                                 ] o.a.c.c.C.[Tomcat].[localhost].[/api]    : Initializing Spring embedded WebApplicationContext
2025-09-03T17:18:09.960-04:00  INFO 66755 --- [java-backend] [           main] [                                                 ] w.s.c.ServletWebServerApplicationContext : Root WebApplicationContext: initialization completed in 3983 ms
2025-09-03T17:18:11.307-04:00  INFO 66755 --- [java-backend] [           main] [                                                 ] o.hibernate.jpa.internal.util.LogHelper  : HHH000204: Processing PersistenceUnitInfo [name: default]
2025-09-03T17:18:11.394-04:00  INFO 66755 --- [java-backend] [           main] [                                                 ] org.hibernate.Version                    : HHH000412: Hibernate ORM core version 6.3.1.Final
2025-09-03T17:18:11.451-04:00  INFO 66755 --- [java-backend] [           main] [                                                 ] o.h.c.internal.RegionFactoryInitiator    : HHH000026: Second-level cache disabled
2025-09-03T17:18:11.862-04:00  INFO 66755 --- [java-backend] [           main] [                                                 ] o.s.o.j.p.SpringPersistenceUnitInfo      : No LoadTimeWeaver setup: ignoring JPA class transformer
2025-09-03T17:18:11.898-04:00  INFO 66755 --- [java-backend] [           main] [                                                 ] com.zaxxer.hikari.HikariDataSource       : HikariPool-1 - Starting...
2025-09-03T17:18:12.493-04:00  INFO 66755 --- [java-backend] [           main] [                                                 ] com.zaxxer.hikari.pool.HikariPool        : HikariPool-1 - Added connection org.sqlite.jdbc4.JDBC4Connection@7669fc90
2025-09-03T17:18:12.511-04:00  INFO 66755 --- [java-backend] [           main] [                                                 ] com.zaxxer.hikari.HikariDataSource       : HikariPool-1 - Start completed.
2025-09-03T17:18:13.879-04:00  INFO 66755 --- [java-backend] [           main] [                                                 ] o.h.e.t.j.p.i.JtaPlatformInitiator       : HHH000489: No JTA platform available (set 'hibernate.transaction.jta.platform' to enable JTA platform integration)
2025-09-03T17:18:13.983-04:00  INFO 66755 --- [java-backend] [           main] [                                                 ] j.LocalContainerEntityManagerFactoryBean : Initialized JPA EntityManagerFactory for persistence unit 'default'
2025-09-03T17:18:14.621-04:00  INFO 66755 --- [java-backend] [           main] [                                                 ] o.s.d.j.r.query.QueryEnhancerFactory     : Hibernate is in classpath; If applicable, HQL parser will be used.
2025-09-03T17:18:16.785-04:00  INFO 66755 --- [java-backend] [           main] [                                                 ] com.shopper.config.OpenFeatureConfig     : ✅ OpenFeature with DevCycle provider initialized successfully
2025-09-03T17:18:16.790-04:00  INFO 66755 --- [java-backend] [           main] [                                                 ] com.shopper.config.OpenFeatureConfig     : 🔍 DevCycle hook registered for OpenTelemetry tracing
Variable called before DevCycleLocalClient has initialized, returning default value
2025-09-03T17:18:16.846-04:00  INFO 66755 --- [java-backend] [           main] [                                                 ] com.shopper.config.OpenFeatureConfig     : 🎛️ DevCycle feature flag 'use-neon' evaluated to: false for admin user
Variable called before DevCycleLocalClient has initialized, returning default value
2025-09-03T17:18:16.849-04:00  INFO 66755 --- [java-backend] [           main] [                                                 ] com.shopper.config.OpenFeatureConfig     : 🎛️ DevCycle feature flag 'new-flow' evaluated to: false for admin user
2025-09-03T17:18:16.964-04:00  WARN 66755 --- [java-backend] [           main] [                                                 ] o.s.aop.framework.CglibAopProxy          : Unable to proxy interface-implementing method [public final void org.springframework.web.filter.OncePerRequestFilter.doFilter(jakarta.servlet.ServletRequest,jakarta.servlet.ServletResponse,jakarta.servlet.FilterChain) throws jakarta.servlet.ServletException,java.io.IOException] because it is marked as final, consider using interface-based JDK proxies instead.
2025-09-03T17:18:16.964-04:00  WARN 66755 --- [java-backend] [           main] [                                                 ] o.s.aop.framework.CglibAopProxy          : Unable to proxy interface-implementing method [public final void org.springframework.web.filter.GenericFilterBean.init(jakarta.servlet.FilterConfig) throws jakarta.servlet.ServletException] because it is marked as final, consider using interface-based JDK proxies instead.
2025-09-03T17:18:17.330-04:00 DEBUG 66755 --- [java-backend] [           main] [                                                 ] c.s.security.JwtAuthenticationFilter     : Filter 'jwtAuthenticationFilter' configured for use
2025-09-03T17:18:17.336-04:00 DEBUG 66755 --- [java-backend] [           main] [                                                 ] o.s.w.f.ServerHttpObservationFilter      : Filter 'webMvcObservationFilter' configured for use
2025-09-03T17:18:17.478-04:00  INFO 66755 --- [java-backend] [           main] [                                                 ] com.shopper.config.OpenTelemetryConfig   : 📊 OpenTelemetry Java Agent enabled for service: java-backend v1.0.0 (development)
2025-09-03T17:18:17.479-04:00  INFO 66755 --- [java-backend] [           main] [                                                 ] com.shopper.config.OpenTelemetryConfig   : 🔗 OpenTelemetry configured for OTLP endpoint: https://xtc47953.live.dynatrace.com/api/v2/otlp
2025-09-03T17:18:17.479-04:00  INFO 66755 --- [java-backend] [           main] [                                                 ] com.shopper.config.OpenTelemetryConfig   : 🔐 OTLP headers configured for authentication
2025-09-03T17:18:17.479-04:00  INFO 66755 --- [java-backend] [           main] [                                                 ] com.shopper.config.OpenTelemetryConfig   : ✅ Using OpenTelemetry Java Agent for auto-instrumentation
2025-09-03T17:18:18.376-04:00  WARN 66755 --- [java-backend] [           main] [                                                 ] JpaBaseConfiguration$JpaWebConfiguration : spring.jpa.open-in-view is enabled by default. Therefore, database queries may be performed during view rendering. Explicitly configure spring.jpa.open-in-view to disable this warning
2025-09-03T17:18:19.176-04:00 DEBUG 66755 --- [java-backend] [           main] [                                                 ] s.w.s.m.m.a.RequestMappingHandlerMapping : 49 mappings in 'requestMappingHandlerMapping'
2025-09-03T17:18:19.420-04:00 DEBUG 66755 --- [java-backend] [           main] [                                                 ] o.s.w.s.handler.SimpleUrlHandlerMapping  : Patterns [/webjars/**, /**, /swagger-ui*/*swagger-initializer.js, /swagger-ui*/**] in 'resourceHandlerMapping'
2025-09-03T17:18:19.654-04:00  INFO 66755 --- [java-backend] [           main] [                                                 ] o.s.b.a.e.web.EndpointLinksResolver      : Exposing 3 endpoint(s) beneath base path '/actuator'
2025-09-03T17:18:19.764-04:00  INFO 66755 --- [java-backend] [           main] [                                                 ] o.s.s.web.DefaultSecurityFilterChain     : Will secure any request with [org.springframework.security.web.session.DisableEncodeUrlFilter@7d9082ec, org.springframework.security.web.context.request.async.WebAsyncManagerIntegrationFilter@247ec94c, org.springframework.security.web.context.SecurityContextHolderFilter@332f2b1b, org.springframework.security.web.header.HeaderWriterFilter@467fe45, org.springframework.web.filter.CorsFilter@9c2e017, org.springframework.security.web.authentication.logout.LogoutFilter@1e2f010f, com.shopper.security.JwtAuthenticationFilter@214c97e1, org.springframework.security.web.savedrequest.RequestCacheAwareFilter@1fe37814, org.springframework.security.web.servletapi.SecurityContextHolderAwareRequestFilter@768f925a, org.springframework.security.web.authentication.AnonymousAuthenticationFilter@2fd29dd8, org.springframework.security.web.session.SessionManagementFilter@7893e5a8, org.springframework.security.web.access.ExceptionTranslationFilter@328ea36a, org.springframework.security.web.access.intercept.AuthorizationFilter@4348ea5e]
2025-09-03T17:18:19.962-04:00 DEBUG 66755 --- [java-backend] [           main] [                                                 ] s.w.s.m.m.a.RequestMappingHandlerAdapter : ControllerAdvice beans: 0 @ModelAttribute, 0 @InitBinder, 1 RequestBodyAdvice, 1 ResponseBodyAdvice
2025-09-03T17:18:20.021-04:00 DEBUG 66755 --- [java-backend] [           main] [                                                 ] .m.m.a.ExceptionHandlerExceptionResolver : ControllerAdvice beans: 1 @ExceptionHandler, 1 ResponseBodyAdvice
2025-09-03T17:18:20.605-04:00  INFO 66755 --- [java-backend] [           main] [                                                 ] o.s.b.w.embedded.tomcat.TomcatWebServer  : Tomcat started on port 3002 (http) with context path '/api'
2025-09-03T17:18:20.631-04:00  INFO 66755 --- [java-backend] [           main] [                                                 ] com.shopper.JavaBackendApplication       : Started JavaBackendApplication in 15.735 seconds (process running for 20.572)
🚀 Java Backend Server is running!
2025-09-03T17:18:46.658-04:00  INFO 66755 --- [java-backend] [nio-3002-exec-1] [                                                 ] o.a.c.c.C.[Tomcat].[localhost].[/api]    : Initializing Spring DispatcherServlet 'dispatcherServlet'
2025-09-03T17:18:46.659-04:00  INFO 66755 --- [java-backend] [nio-3002-exec-1] [                                                 ] o.s.web.servlet.DispatcherServlet        : Initializing Servlet 'dispatcherServlet'
2025-09-03T17:18:46.659-04:00 DEBUG 66755 --- [java-backend] [nio-3002-exec-1] [                                                 ] o.s.web.servlet.DispatcherServlet        : Detected StandardServletMultipartResolver
2025-09-03T17:18:46.659-04:00 DEBUG 66755 --- [java-backend] [nio-3002-exec-1] [                                                 ] o.s.web.servlet.DispatcherServlet        : Detected AcceptHeaderLocaleResolver
2025-09-03T17:18:46.659-04:00 DEBUG 66755 --- [java-backend] [nio-3002-exec-1] [                                                 ] o.s.web.servlet.DispatcherServlet        : Detected FixedThemeResolver
2025-09-03T17:18:46.660-04:00 DEBUG 66755 --- [java-backend] [nio-3002-exec-1] [                                                 ] o.s.web.servlet.DispatcherServlet        : Detected org.springframework.web.servlet.view.DefaultRequestToViewNameTranslator@2c57ad81
2025-09-03T17:18:46.663-04:00 DEBUG 66755 --- [java-backend] [nio-3002-exec-1] [                                                 ] o.s.web.servlet.DispatcherServlet        : Detected org.springframework.web.servlet.support.SessionFlashMapManager@d30d6cd
2025-09-03T17:18:46.665-04:00 DEBUG 66755 --- [java-backend] [nio-3002-exec-1] [                                                 ] o.s.web.servlet.DispatcherServlet        : enableLoggingRequestDetails='false': request parameters and headers will be masked to prevent unsafe logging of potentially sensitive data
2025-09-03T17:18:46.666-04:00  INFO 66755 --- [java-backend] [nio-3002-exec-1] [                                                 ] o.s.web.servlet.DispatcherServlet        : Completed initialization in 6 ms
2025-09-03T17:18:46.755-04:00 DEBUG 66755 --- [java-backend] [nio-3002-exec-1] [fab3f2a93fbd717a383b9f455b5f7ed1-0b85238bd30030d4] o.s.security.web.FilterChainProxy        : Securing GET /health
2025-09-03T17:18:46.830-04:00  INFO 66755 --- [java-backend] [nio-3002-exec-1] [fab3f2a93fbd717a383b9f455b5f7ed1-0b85238bd30030d4] c.s.security.JwtAuthenticationFilter     : No Authorization header or Bearer token found
2025-09-03T17:18:46.830-04:00  INFO 66755 --- [java-backend] [nio-3002-exec-1] [fab3f2a93fbd717a383b9f455b5f7ed1-0b85238bd30030d4] c.s.security.JwtAuthenticationFilter     : No username extracted from JWT token
2025-09-03T17:18:46.837-04:00 DEBUG 66755 --- [java-backend] [nio-3002-exec-1] [fab3f2a93fbd717a383b9f455b5f7ed1-0b85238bd30030d4] o.s.s.w.a.AnonymousAuthenticationFilter  : Set SecurityContextHolder to anonymous SecurityContext
2025-09-03T17:18:46.841-04:00  WARN 66755 --- [java-backend] [nio-3002-exec-1] [fab3f2a93fbd717a383b9f455b5f7ed1-0b85238bd30030d4] o.s.w.s.h.HandlerMappingIntrospector     : Cache miss for REQUEST dispatch to '/api/health' (previous null). Performing MatchableHandlerMapping lookup. This is logged once only at WARN level, and every time at TRACE.
2025-09-03T17:18:46.859-04:00 DEBUG 66755 --- [java-backend] [nio-3002-exec-1] [fab3f2a93fbd717a383b9f455b5f7ed1-0b85238bd30030d4] o.s.security.web.FilterChainProxy        : Secured GET /health
2025-09-03T17:18:46.861-04:00 DEBUG 66755 --- [java-backend] [nio-3002-exec-1] [fab3f2a93fbd717a383b9f455b5f7ed1-0b85238bd30030d4] o.s.web.servlet.DispatcherServlet        : GET "/api/health", parameters={}
2025-09-03T17:18:46.862-04:00 DEBUG 66755 --- [java-backend] [nio-3002-exec-1] [fab3f2a93fbd717a383b9f455b5f7ed1-0b85238bd30030d4] s.w.s.m.m.a.RequestMappingHandlerMapping : Mapped to com.shopper.controller.HealthController#health()
2025-09-03T17:18:46.863-04:00  INFO 66755 --- [java-backend] [nio-3002-exec-1] [fab3f2a93fbd717a383b9f455b5f7ed1-0b85238bd30030d4] c.s.interceptor.LoggingInterceptor       : 🔄 GET /api/health [Anonymous] - Request started
2025-09-03T17:18:46.898-04:00 DEBUG 66755 --- [java-backend] [nio-3002-exec-1] [fab3f2a93fbd717a383b9f455b5f7ed1-0b85238bd30030d4] m.m.a.RequestResponseBodyMethodProcessor : Using 'application/json', given [*/*] and supported [application/json, application/*+json]
2025-09-03T17:18:46.900-04:00 DEBUG 66755 --- [java-backend] [nio-3002-exec-1] [fab3f2a93fbd717a383b9f455b5f7ed1-0b85238bd30030d4] m.m.a.RequestResponseBodyMethodProcessor : Writing [{status=UP, timestamp=1756934326883}]
2025-09-03T17:18:46.909-04:00  INFO 66755 --- [java-backend] [nio-3002-exec-1] [fab3f2a93fbd717a383b9f455b5f7ed1-0b85238bd30030d4] c.s.interceptor.LoggingInterceptor       : ✅ GET /api/health [Anonymous] - 200 (46ms)
2025-09-03T17:18:46.909-04:00 DEBUG 66755 --- [java-backend] [nio-3002-exec-1] [fab3f2a93fbd717a383b9f455b5f7ed1-0b85238bd30030d4] o.s.web.servlet.DispatcherServlet        : Completed 200 OK
2025-09-03T17:18:52.906-04:00 DEBUG 66755 --- [java-backend] [nio-3002-exec-2] [75d9242edfd45dfad96840c2d65cef0a-0c2e21e7b9537fbb] o.s.security.web.FilterChainProxy        : Securing GET /products
2025-09-03T17:18:52.912-04:00  INFO 66755 --- [java-backend] [nio-3002-exec-2] [75d9242edfd45dfad96840c2d65cef0a-0c2e21e7b9537fbb] c.s.security.JwtAuthenticationFilter     : No Authorization header or Bearer token found
2025-09-03T17:18:52.912-04:00  INFO 66755 --- [java-backend] [nio-3002-exec-2] [75d9242edfd45dfad96840c2d65cef0a-0c2e21e7b9537fbb] c.s.security.JwtAuthenticationFilter     : No username extracted from JWT token
2025-09-03T17:18:52.914-04:00 DEBUG 66755 --- [java-backend] [nio-3002-exec-2] [75d9242edfd45dfad96840c2d65cef0a-0c2e21e7b9537fbb] o.s.s.w.a.AnonymousAuthenticationFilter  : Set SecurityContextHolder to anonymous SecurityContext
2025-09-03T17:18:52.922-04:00 DEBUG 66755 --- [java-backend] [nio-3002-exec-2] [75d9242edfd45dfad96840c2d65cef0a-0c2e21e7b9537fbb] o.s.security.web.FilterChainProxy        : Secured GET /products
2025-09-03T17:18:52.923-04:00 DEBUG 66755 --- [java-backend] [nio-3002-exec-2] [75d9242edfd45dfad96840c2d65cef0a-0c2e21e7b9537fbb] o.s.web.servlet.DispatcherServlet        : GET "/api/products", parameters={}
2025-09-03T17:18:52.923-04:00 DEBUG 66755 --- [java-backend] [nio-3002-exec-2] [75d9242edfd45dfad96840c2d65cef0a-0c2e21e7b9537fbb] s.w.s.m.m.a.RequestMappingHandlerMapping : Mapped to com.shopper.controller.ProductController#getAllProducts()
2025-09-03T17:18:52.924-04:00  INFO 66755 --- [java-backend] [nio-3002-exec-2] [75d9242edfd45dfad96840c2d65cef0a-0c2e21e7b9537fbb] c.s.interceptor.LoggingInterceptor       : 🔄 GET /api/products [Anonymous] - Request started
2025-09-03T17:18:52.928-04:00  INFO 66755 --- [java-backend] [nio-3002-exec-2] [75d9242edfd45dfad96840c2d65cef0a-0c2e21e7b9537fbb] com.shopper.service.FeatureFlagService   : Feature flags initialized with default values
2025-09-03T17:18:53.137-04:00 DEBUG 66755 --- [java-backend] [nio-3002-exec-2] [75d9242edfd45dfad96840c2d65cef0a-0c2e21e7b9537fbb] c.shopper.config.DynatraceOneAgentHook   : Feature flag evaluation span started for key: new-flow
2025-09-03T17:18:53.142-04:00 DEBUG 66755 --- [java-backend] [nio-3002-exec-2] [75d9242edfd45dfad96840c2d65cef0a-0c2e21e7b9537fbb] c.shopper.config.DynatraceOneAgentHook   : Completing feature flag evaluation span for key: new-flow
2025-09-03T17:18:53.143-04:00  WARN 66755 --- [java-backend] [nio-3002-exec-2] [75d9242edfd45dfad96840c2d65cef0a-0c2e21e7b9537fbb] c.shopper.config.DynatraceOneAgentHook   : variableMetadata: com.devcycle.sdk.server.local.model.VariableMetadata@42fad16
2025-09-03T17:18:53.143-04:00 DEBUG 66755 --- [java-backend] [nio-3002-exec-2] [75d9242edfd45dfad96840c2d65cef0a-0c2e21e7b9537fbb] c.shopper.config.DynatraceOneAgentHook   : Feature flag span completed: new-flow = true
2025-09-03T17:18:53.143-04:00 DEBUG 66755 --- [java-backend] [nio-3002-exec-2] [75d9242edfd45dfad96840c2d65cef0a-0c2e21e7b9537fbb] c.shopper.config.DynatraceOneAgentHook   : Feature flag span ended for key: new-flow
2025-09-03T17:18:53.143-04:00 DEBUG 66755 --- [java-backend] [nio-3002-exec-2] [75d9242edfd45dfad96840c2d65cef0a-0c2e21e7b9537fbb] com.shopper.service.FeatureFlagService   : 🎛️ Feature flag 'new-flow' evaluated to: true for user: anonymous
2025-09-03T17:18:53.144-04:00  INFO 66755 --- [java-backend] [nio-3002-exec-2] [75d9242edfd45dfad96840c2d65cef0a-0c2e21e7b9537fbb] com.shopper.service.ProductService       : ✅ New flow enabled for user: anonymous
2025-09-03T17:18:53.147-04:00 DEBUG 66755 --- [java-backend] [nio-3002-exec-2] [75d9242edfd45dfad96840c2d65cef0a-0c2e21e7b9537fbb] c.s.service.DualDatabaseStrategyImpl     : Secondary database not enabled, using primary for read operation
2025-09-03T17:18:53.232-04:00 DEBUG 66755 --- [java-backend] [nio-3002-exec-2] [75d9242edfd45dfad96840c2d65cef0a-0c2e21e7b9537fbb] org.hibernate.SQL                        : select p1_0.id,p1_0.category,p1_0.created_at,p1_0.description,p1_0.image_url,p1_0.name,p1_0.price,p1_0.stock_quantity,p1_0.updated_at from products p1_0 where p1_0.stock_quantity>0
2025-09-03T17:18:53.440-04:00 DEBUG 66755 --- [java-backend] [nio-3002-exec-2] [75d9242edfd45dfad96840c2d65cef0a-0c2e21e7b9537fbb] o.s.w.s.m.m.a.HttpEntityMethodProcessor  : Using 'application/json', given [*/*] and supported [application/json, application/*+json]
2025-09-03T17:18:53.459-04:00 DEBUG 66755 --- [java-backend] [nio-3002-exec-2] [75d9242edfd45dfad96840c2d65cef0a-0c2e21e7b9537fbb] o.s.w.s.m.m.a.HttpEntityMethodProcessor  : Writing [[Product(id=65336362-3637-3733-2d33-3135312d3463, name=Wireless Bluetooth Headphones, description=Hi (truncated)...]
2025-09-03T17:18:53.517-04:00  INFO 66755 --- [java-backend] [nio-3002-exec-2] [75d9242edfd45dfad96840c2d65cef0a-0c2e21e7b9537fbb] c.s.interceptor.LoggingInterceptor       : ✅ GET /api/products [Anonymous] - 200 (593ms)
2025-09-03T17:18:53.519-04:00 DEBUG 66755 --- [java-backend] [nio-3002-exec-2] [75d9242edfd45dfad96840c2d65cef0a-0c2e21e7b9537fbb] o.s.web.servlet.DispatcherServlet        : Completed 200 OK
Error reading event
Stream closed by client
2025-09-03T17:19:10.731-04:00  INFO 66755 --- [java-backend] [ionShutdownHook] [                                                 ] j.LocalContainerEntityManagerFactoryBean : Closing JPA EntityManagerFactory for persistence unit 'default'
2025-09-03T17:19:10.735-04:00  INFO 66755 --- [java-backend] [ionShutdownHook] [                                                 ] com.zaxxer.hikari.HikariDataSource       : HikariPool-1 - Shutdown initiated...
2025-09-03T17:19:10.741-04:00  INFO 66755 --- [java-backend] [ionShutdownHook] [                                                 ] com.zaxxer.hikari.HikariDataSource       : HikariPool-1 - Shutdown completed.

🧹 Cleaning up...
